{"D:\\Aterna\\src\\components\\auth\\ProtectedRoute.jsx": {"path":"D:\\Aterna\\src\\components\\auth\\ProtectedRoute.jsx","statementMap":{"0":{"start":{"line":7,"column":30},"end":{"line":27,"column":1}},"1":{"start":{"line":8,"column":50},"end":{"line":8,"column":59}},"2":{"start":{"line":10,"column":2},"end":{"line":16,"column":3}},"3":{"start":{"line":11,"column":4},"end":{"line":15,"column":6}},"4":{"start":{"line":18,"column":2},"end":{"line":20,"column":3}},"5":{"start":{"line":19,"column":4},"end":{"line":19,"column":44}},"6":{"start":{"line":22,"column":2},"end":{"line":24,"column":3}},"7":{"start":{"line":23,"column":4},"end":{"line":23,"column":48}},"8":{"start":{"line":26,"column":2},"end":{"line":26,"column":18}},"9":{"start":{"line":29,"column":0},"end":{"line":32,"column":2}},"10":{"start":{"line":34,"column":27},"end":{"line":50,"column":1}},"11":{"start":{"line":35,"column":44},"end":{"line":35,"column":53}},"12":{"start":{"line":37,"column":2},"end":{"line":43,"column":3}},"13":{"start":{"line":38,"column":4},"end":{"line":42,"column":6}},"14":{"start":{"line":45,"column":2},"end":{"line":47,"column":3}},"15":{"start":{"line":46,"column":4},"end":{"line":46,"column":48}},"16":{"start":{"line":49,"column":2},"end":{"line":49,"column":18}},"17":{"start":{"line":52,"column":0},"end":{"line":54,"column":2}}},"fnMap":{"0":{"name":"(anonymous_0)","decl":{"start":{"line":7,"column":30},"end":{"line":7,"column":31}},"loc":{"start":{"line":7,"column":69},"end":{"line":27,"column":1}},"line":7},"1":{"name":"(anonymous_1)","decl":{"start":{"line":34,"column":27},"end":{"line":34,"column":28}},"loc":{"start":{"line":34,"column":45},"end":{"line":50,"column":1}},"line":34}},"branchMap":{"0":{"loc":{"start":{"line":7,"column":43},"end":{"line":7,"column":62}},"type":"default-arg","locations":[{"start":{"line":7,"column":58},"end":{"line":7,"column":62}}],"line":7},"1":{"loc":{"start":{"line":10,"column":2},"end":{"line":16,"column":3}},"type":"if","locations":[{"start":{"line":10,"column":2},"end":{"line":16,"column":3}},{"start":{},"end":{}}],"line":10},"2":{"loc":{"start":{"line":18,"column":2},"end":{"line":20,"column":3}},"type":"if","locations":[{"start":{"line":18,"column":2},"end":{"line":20,"column":3}},{"start":{},"end":{}}],"line":18},"3":{"loc":{"start":{"line":22,"column":2},"end":{"line":24,"column":3}},"type":"if","locations":[{"start":{"line":22,"column":2},"end":{"line":24,"column":3}},{"start":{},"end":{}}],"line":22},"4":{"loc":{"start":{"line":22,"column":6},"end":{"line":22,"column":49}},"type":"binary-expr","locations":[{"start":{"line":22,"column":6},"end":{"line":22,"column":18}},{"start":{"line":22,"column":22},"end":{"line":22,"column":49}}],"line":22},"5":{"loc":{"start":{"line":37,"column":2},"end":{"line":43,"column":3}},"type":"if","locations":[{"start":{"line":37,"column":2},"end":{"line":43,"column":3}},{"start":{},"end":{}}],"line":37},"6":{"loc":{"start":{"line":45,"column":2},"end":{"line":47,"column":3}},"type":"if","locations":[{"start":{"line":45,"column":2},"end":{"line":47,"column":3}},{"start":{},"end":{}}],"line":45}},"s":{"0":1,"1":5,"2":5,"3":1,"4":4,"5":1,"6":3,"7":1,"8":2,"9":1,"10":1,"11":2,"12":2,"13":0,"14":2,"15":1,"16":1,"17":1},"f":{"0":5,"1":2},"b":{"0":[0],"1":[1,4],"2":[1,3],"3":[1,2],"4":[3,2],"5":[0,2],"6":[1,1]},"_coverageSchema":"1a1c01bbd47fc00a2c39e90264f33305004495a9","hash":"75eef94acd801215aa1c4cdd4b6472bbb1eb742f"}
,"D:\\Aterna\\src\\components\\common\\AnimatedTradingBackground.jsx": {"path":"D:\\Aterna\\src\\components\\common\\AnimatedTradingBackground.jsx","statementMap":{"0":{"start":{"line":14,"column":41},"end":{"line":104,"column":1}},"1":{"start":{"line":15,"column":20},"end":{"line":15,"column":32}},"2":{"start":{"line":17,"column":2},"end":{"line":93,"column":9}},"3":{"start":{"line":18,"column":19},"end":{"line":18,"column":36}},"4":{"start":{"line":19,"column":4},"end":{"line":19,"column":24}},"5":{"start":{"line":19,"column":17},"end":{"line":19,"column":24}},"6":{"start":{"line":21,"column":16},"end":{"line":21,"column":39}},"7":{"start":{"line":25,"column":25},"end":{"line":28,"column":5}},"8":{"start":{"line":26,"column":6},"end":{"line":26,"column":39}},"9":{"start":{"line":27,"column":6},"end":{"line":27,"column":41}},"10":{"start":{"line":29,"column":4},"end":{"line":29,"column":19}},"11":{"start":{"line":30,"column":4},"end":{"line":30,"column":52}},"12":{"start":{"line":33,"column":22},"end":{"line":33,"column":24}},"13":{"start":{"line":34,"column":26},"end":{"line":34,"column":28}},"14":{"start":{"line":38,"column":8},"end":{"line":38,"column":46}},"15":{"start":{"line":39,"column":8},"end":{"line":39,"column":47}},"16":{"start":{"line":40,"column":8},"end":{"line":40,"column":46}},"17":{"start":{"line":41,"column":8},"end":{"line":41,"column":46}},"18":{"start":{"line":42,"column":8},"end":{"line":42,"column":42}},"19":{"start":{"line":43,"column":8},"end":{"line":43,"column":49}},"20":{"start":{"line":44,"column":8},"end":{"line":44,"column":39}},"21":{"start":{"line":48,"column":8},"end":{"line":48,"column":26}},"22":{"start":{"line":49,"column":8},"end":{"line":49,"column":26}},"23":{"start":{"line":52,"column":8},"end":{"line":52,"column":46}},"24":{"start":{"line":52,"column":24},"end":{"line":52,"column":46}},"25":{"start":{"line":53,"column":8},"end":{"line":53,"column":46}},"26":{"start":{"line":53,"column":35},"end":{"line":53,"column":46}},"27":{"start":{"line":54,"column":8},"end":{"line":54,"column":47}},"28":{"start":{"line":54,"column":24},"end":{"line":54,"column":47}},"29":{"start":{"line":55,"column":8},"end":{"line":55,"column":47}},"30":{"start":{"line":55,"column":36},"end":{"line":55,"column":47}},"31":{"start":{"line":58,"column":8},"end":{"line":60,"column":74}},"32":{"start":{"line":64,"column":8},"end":{"line":64,"column":62}},"33":{"start":{"line":65,"column":8},"end":{"line":65,"column":59}},"34":{"start":{"line":70,"column":4},"end":{"line":72,"column":5}},"35":{"start":{"line":70,"column":17},"end":{"line":70,"column":18}},"36":{"start":{"line":71,"column":6},"end":{"line":71,"column":37}},"37":{"start":{"line":74,"column":20},"end":{"line":85,"column":5}},"38":{"start":{"line":76,"column":6},"end":{"line":76,"column":55}},"39":{"start":{"line":79,"column":6},"end":{"line":82,"column":9}},"40":{"start":{"line":80,"column":8},"end":{"line":80,"column":19}},"41":{"start":{"line":81,"column":8},"end":{"line":81,"column":17}},"42":{"start":{"line":84,"column":6},"end":{"line":84,"column":51}},"43":{"start":{"line":87,"column":4},"end":{"line":87,"column":14}},"44":{"start":{"line":89,"column":4},"end":{"line":92,"column":6}},"45":{"start":{"line":90,"column":6},"end":{"line":90,"column":40}},"46":{"start":{"line":91,"column":6},"end":{"line":91,"column":57}},"47":{"start":{"line":95,"column":2},"end":{"line":103,"column":4}},"48":{"start":{"line":110,"column":44},"end":{"line":199,"column":1}},"49":{"start":{"line":111,"column":2},"end":{"line":198,"column":4}},"50":{"start":{"line":135,"column":10},"end":{"line":154,"column":14}},"51":{"start":{"line":160,"column":8},"end":{"line":173,"column":10}}},"fnMap":{"0":{"name":"(anonymous_0)","decl":{"start":{"line":14,"column":41},"end":{"line":14,"column":42}},"loc":{"start":{"line":14,"column":47},"end":{"line":104,"column":1}},"line":14},"1":{"name":"(anonymous_1)","decl":{"start":{"line":17,"column":12},"end":{"line":17,"column":13}},"loc":{"start":{"line":17,"column":18},"end":{"line":93,"column":3}},"line":17},"2":{"name":"(anonymous_2)","decl":{"start":{"line":25,"column":25},"end":{"line":25,"column":26}},"loc":{"start":{"line":25,"column":31},"end":{"line":28,"column":5}},"line":25},"3":{"name":"(anonymous_3)","decl":{"start":{"line":37,"column":6},"end":{"line":37,"column":7}},"loc":{"start":{"line":37,"column":20},"end":{"line":45,"column":7}},"line":37},"4":{"name":"(anonymous_4)","decl":{"start":{"line":47,"column":6},"end":{"line":47,"column":7}},"loc":{"start":{"line":47,"column":15},"end":{"line":61,"column":7}},"line":47},"5":{"name":"(anonymous_5)","decl":{"start":{"line":63,"column":6},"end":{"line":63,"column":7}},"loc":{"start":{"line":63,"column":13},"end":{"line":66,"column":7}},"line":63},"6":{"name":"(anonymous_6)","decl":{"start":{"line":74,"column":20},"end":{"line":74,"column":21}},"loc":{"start":{"line":74,"column":26},"end":{"line":85,"column":5}},"line":74},"7":{"name":"(anonymous_7)","decl":{"start":{"line":79,"column":24},"end":{"line":79,"column":25}},"loc":{"start":{"line":79,"column":29},"end":{"line":82,"column":7}},"line":79},"8":{"name":"(anonymous_8)","decl":{"start":{"line":89,"column":11},"end":{"line":89,"column":12}},"loc":{"start":{"line":89,"column":17},"end":{"line":92,"column":5}},"line":89},"9":{"name":"(anonymous_9)","decl":{"start":{"line":110,"column":44},"end":{"line":110,"column":45}},"loc":{"start":{"line":110,"column":50},"end":{"line":199,"column":1}},"line":110},"10":{"name":"(anonymous_10)","decl":{"start":{"line":134,"column":40},"end":{"line":134,"column":41}},"loc":{"start":{"line":135,"column":10},"end":{"line":154,"column":14}},"line":135},"11":{"name":"(anonymous_11)","decl":{"start":{"line":159,"column":38},"end":{"line":159,"column":39}},"loc":{"start":{"line":160,"column":8},"end":{"line":173,"column":10}},"line":160}},"branchMap":{"0":{"loc":{"start":{"line":19,"column":4},"end":{"line":19,"column":24}},"type":"if","locations":[{"start":{"line":19,"column":4},"end":{"line":19,"column":24}},{"start":{},"end":{}}],"line":19},"1":{"loc":{"start":{"line":52,"column":8},"end":{"line":52,"column":46}},"type":"if","locations":[{"start":{"line":52,"column":8},"end":{"line":52,"column":46}},{"start":{},"end":{}}],"line":52},"2":{"loc":{"start":{"line":53,"column":8},"end":{"line":53,"column":46}},"type":"if","locations":[{"start":{"line":53,"column":8},"end":{"line":53,"column":46}},{"start":{},"end":{}}],"line":53},"3":{"loc":{"start":{"line":54,"column":8},"end":{"line":54,"column":47}},"type":"if","locations":[{"start":{"line":54,"column":8},"end":{"line":54,"column":47}},{"start":{},"end":{}}],"line":54},"4":{"loc":{"start":{"line":55,"column":8},"end":{"line":55,"column":47}},"type":"if","locations":[{"start":{"line":55,"column":8},"end":{"line":55,"column":47}},{"start":{},"end":{}}],"line":55}},"s":{"0":0,"1":0,"2":0,"3":0,"4":0,"5":0,"6":0,"7":0,"8":0,"9":0,"10":0,"11":0,"12":0,"13":0,"14":0,"15":0,"16":0,"17":0,"18":0,"19":0,"20":0,"21":0,"22":0,"23":0,"24":0,"25":0,"26":0,"27":0,"28":0,"29":0,"30":0,"31":0,"32":0,"33":0,"34":0,"35":0,"36":0,"37":0,"38":0,"39":0,"40":0,"41":0,"42":0,"43":0,"44":0,"45":0,"46":0,"47":0,"48":0,"49":0,"50":0,"51":0},"f":{"0":0,"1":0,"2":0,"3":0,"4":0,"5":0,"6":0,"7":0,"8":0,"9":0,"10":0,"11":0},"b":{"0":[0,0],"1":[0,0],"2":[0,0],"3":[0,0],"4":[0,0]}}
,"D:\\Aterna\\src\\components\\common\\Button.jsx": {"path":"D:\\Aterna\\src\\components\\common\\Button.jsx","statementMap":{"0":{"start":{"line":4,"column":22},"end":{"line":57,"column":1}},"1":{"start":{"line":16,"column":22},"end":{"line":20,"column":3}},"2":{"start":{"line":22,"column":25},"end":{"line":33,"column":3}},"3":{"start":{"line":35,"column":2},"end":{"line":56,"column":4}},"4":{"start":{"line":59,"column":0},"end":{"line":69,"column":2}},"5":{"start":{"line":71,"column":20},"end":{"line":77,"column":1}},"6":{"start":{"line":72,"column":2},"end":{"line":76,"column":4}},"7":{"start":{"line":79,"column":0},"end":{"line":83,"column":2}}},"fnMap":{"0":{"name":"(anonymous_0)","decl":{"start":{"line":4,"column":22},"end":{"line":4,"column":23}},"loc":{"start":{"line":15,"column":6},"end":{"line":57,"column":1}},"line":15},"1":{"name":"(anonymous_1)","decl":{"start":{"line":71,"column":20},"end":{"line":71,"column":21}},"loc":{"start":{"line":71,"column":69},"end":{"line":77,"column":1}},"line":71}},"branchMap":{"0":{"loc":{"start":{"line":6,"column":2},"end":{"line":6,"column":21}},"type":"default-arg","locations":[{"start":{"line":6,"column":12},"end":{"line":6,"column":21}}],"line":6},"1":{"loc":{"start":{"line":7,"column":2},"end":{"line":7,"column":13}},"type":"default-arg","locations":[{"start":{"line":7,"column":9},"end":{"line":7,"column":13}}],"line":7},"2":{"loc":{"start":{"line":8,"column":2},"end":{"line":8,"column":16}},"type":"default-arg","locations":[{"start":{"line":8,"column":14},"end":{"line":8,"column":16}}],"line":8},"3":{"loc":{"start":{"line":9,"column":2},"end":{"line":9,"column":18}},"type":"default-arg","locations":[{"start":{"line":9,"column":13},"end":{"line":9,"column":18}}],"line":9},"4":{"loc":{"start":{"line":10,"column":2},"end":{"line":10,"column":19}},"type":"default-arg","locations":[{"start":{"line":10,"column":14},"end":{"line":10,"column":19}}],"line":10},"5":{"loc":{"start":{"line":11,"column":2},"end":{"line":11,"column":26}},"type":"default-arg","locations":[{"start":{"line":11,"column":16},"end":{"line":11,"column":26}}],"line":11},"6":{"loc":{"start":{"line":13,"column":2},"end":{"line":13,"column":17}},"type":"default-arg","locations":[{"start":{"line":13,"column":9},"end":{"line":13,"column":17}}],"line":13},"7":{"loc":{"start":{"line":38,"column":16},"end":{"line":38,"column":37}},"type":"binary-expr","locations":[{"start":{"line":38,"column":16},"end":{"line":38,"column":24}},{"start":{"line":38,"column":28},"end":{"line":38,"column":37}}],"line":38},"8":{"loc":{"start":{"line":41,"column":17},"end":{"line":41,"column":39}},"type":"binary-expr","locations":[{"start":{"line":41,"column":17},"end":{"line":41,"column":26}},{"start":{"line":41,"column":30},"end":{"line":41,"column":39}}],"line":41},"9":{"loc":{"start":{"line":44,"column":7},"end":{"line":54,"column":7}},"type":"cond-expr","locations":[{"start":{"line":45,"column":8},"end":{"line":51,"column":11}},{"start":{"line":53,"column":8},"end":{"line":53,"column":16}}],"line":44},"10":{"loc":{"start":{"line":71,"column":39},"end":{"line":71,"column":53}},"type":"default-arg","locations":[{"start":{"line":71,"column":51},"end":{"line":71,"column":53}}],"line":71}},"s":{"0":3,"1":354,"2":354,"3":354,"4":3,"5":3,"6":0,"7":3},"f":{"0":354,"1":0},"b":{"0":[14],"1":[351],"2":[197],"3":[177],"4":[185],"5":[354],"6":[353],"7":[354,342],"8":[354,350],"9":[4,350],"10":[0]},"_coverageSchema":"1a1c01bbd47fc00a2c39e90264f33305004495a9","hash":"a6e26846666bcaed938249fd8d4adcbd0e15b9af"}
,"D:\\Aterna\\src\\components\\common\\FormInput.jsx": {"path":"D:\\Aterna\\src\\components\\common\\FormInput.jsx","statementMap":{"0":{"start":{"line":4,"column":21},"end":{"line":52,"column":1}},"1":{"start":{"line":18,"column":22},"end":{"line":18,"column":29}},"2":{"start":{"line":19,"column":13},"end":{"line":19,"column":34}},"3":{"start":{"line":20,"column":18},"end":{"line":20,"column":31}},"4":{"start":{"line":22,"column":2},"end":{"line":51,"column":4}},"5":{"start":{"line":54,"column":0},"end":{"line":65,"column":2}},"6":{"start":{"line":67,"column":24},"end":{"line":114,"column":1}},"7":{"start":{"line":81,"column":22},"end":{"line":81,"column":29}},"8":{"start":{"line":82,"column":13},"end":{"line":82,"column":34}},"9":{"start":{"line":83,"column":18},"end":{"line":83,"column":31}},"10":{"start":{"line":85,"column":2},"end":{"line":113,"column":4}},"11":{"start":{"line":116,"column":0},"end":{"line":127,"column":2}},"12":{"start":{"line":129,"column":22},"end":{"line":178,"column":1}},"13":{"start":{"line":141,"column":22},"end":{"line":141,"column":29}},"14":{"start":{"line":142,"column":13},"end":{"line":142,"column":34}},"15":{"start":{"line":143,"column":18},"end":{"line":143,"column":31}},"16":{"start":{"line":145,"column":2},"end":{"line":177,"column":4}},"17":{"start":{"line":166,"column":10},"end":{"line":168,"column":19}},"18":{"start":{"line":180,"column":0},"end":{"line":194,"column":2}},"19":{"start":{"line":196,"column":24},"end":{"line":217,"column":1}},"20":{"start":{"line":204,"column":2},"end":{"line":216,"column":4}},"21":{"start":{"line":219,"column":0},"end":{"line":225,"column":2}}},"fnMap":{"0":{"name":"(anonymous_0)","decl":{"start":{"line":4,"column":21},"end":{"line":4,"column":22}},"loc":{"start":{"line":17,"column":6},"end":{"line":52,"column":1}},"line":17},"1":{"name":"(anonymous_1)","decl":{"start":{"line":67,"column":24},"end":{"line":67,"column":25}},"loc":{"start":{"line":80,"column":6},"end":{"line":114,"column":1}},"line":80},"2":{"name":"(anonymous_2)","decl":{"start":{"line":129,"column":22},"end":{"line":129,"column":23}},"loc":{"start":{"line":140,"column":6},"end":{"line":178,"column":1}},"line":140},"3":{"name":"(anonymous_3)","decl":{"start":{"line":165,"column":21},"end":{"line":165,"column":22}},"loc":{"start":{"line":166,"column":10},"end":{"line":168,"column":19}},"line":166},"4":{"name":"(anonymous_4)","decl":{"start":{"line":196,"column":24},"end":{"line":196,"column":25}},"loc":{"start":{"line":203,"column":6},"end":{"line":217,"column":1}},"line":203}},"branchMap":{"0":{"loc":{"start":{"line":6,"column":2},"end":{"line":6,"column":15}},"type":"default-arg","locations":[{"start":{"line":6,"column":9},"end":{"line":6,"column":15}}],"line":6},"1":{"loc":{"start":{"line":7,"column":2},"end":{"line":7,"column":18}},"type":"default-arg","locations":[{"start":{"line":7,"column":16},"end":{"line":7,"column":18}}],"line":7},"2":{"loc":{"start":{"line":11,"column":2},"end":{"line":11,"column":12}},"type":"default-arg","locations":[{"start":{"line":11,"column":10},"end":{"line":11,"column":12}}],"line":11},"3":{"loc":{"start":{"line":12,"column":2},"end":{"line":12,"column":18}},"type":"default-arg","locations":[{"start":{"line":12,"column":13},"end":{"line":12,"column":18}}],"line":12},"4":{"loc":{"start":{"line":13,"column":2},"end":{"line":13,"column":18}},"type":"default-arg","locations":[{"start":{"line":13,"column":13},"end":{"line":13,"column":18}}],"line":13},"5":{"loc":{"start":{"line":14,"column":2},"end":{"line":14,"column":16}},"type":"default-arg","locations":[{"start":{"line":14,"column":14},"end":{"line":14,"column":16}}],"line":14},"6":{"loc":{"start":{"line":19,"column":13},"end":{"line":19,"column":34}},"type":"binary-expr","locations":[{"start":{"line":19,"column":13},"end":{"line":19,"column":19}},{"start":{"line":19,"column":23},"end":{"line":19,"column":34}}],"line":19},"7":{"loc":{"start":{"line":24,"column":7},"end":{"line":29,"column":7}},"type":"binary-expr","locations":[{"start":{"line":24,"column":7},"end":{"line":24,"column":12}},{"start":{"line":25,"column":8},"end":{"line":28,"column":16}}],"line":24},"8":{"loc":{"start":{"line":27,"column":11},"end":{"line":27,"column":84}},"type":"binary-expr","locations":[{"start":{"line":27,"column":11},"end":{"line":27,"column":19}},{"start":{"line":27,"column":23},"end":{"line":27,"column":84}}],"line":27},"9":{"loc":{"start":{"line":39,"column":22},"end":{"line":39,"column":48}},"type":"cond-expr","locations":[{"start":{"line":39,"column":30},"end":{"line":39,"column":36}},{"start":{"line":39,"column":39},"end":{"line":39,"column":48}}],"line":39},"10":{"loc":{"start":{"line":40,"column":26},"end":{"line":40,"column":53}},"type":"cond-expr","locations":[{"start":{"line":40,"column":34},"end":{"line":40,"column":41}},{"start":{"line":40,"column":44},"end":{"line":40,"column":53}}],"line":40},"11":{"loc":{"start":{"line":41,"column":23},"end":{"line":41,"column":44}},"type":"binary-expr","locations":[{"start":{"line":41,"column":23},"end":{"line":41,"column":31}},{"start":{"line":41,"column":35},"end":{"line":41,"column":44}}],"line":41},"12":{"loc":{"start":{"line":42,"column":33},"end":{"line":42,"column":65}},"type":"cond-expr","locations":[{"start":{"line":42,"column":41},"end":{"line":42,"column":60}},{"start":{"line":42,"column":63},"end":{"line":42,"column":65}}],"line":42},"13":{"loc":{"start":{"line":45,"column":7},"end":{"line":49,"column":7}},"type":"binary-expr","locations":[{"start":{"line":45,"column":7},"end":{"line":45,"column":12}},{"start":{"line":46,"column":8},"end":{"line":48,"column":14}}],"line":45},"14":{"loc":{"start":{"line":69,"column":2},"end":{"line":69,"column":18}},"type":"default-arg","locations":[{"start":{"line":69,"column":16},"end":{"line":69,"column":18}}],"line":69},"15":{"loc":{"start":{"line":73,"column":2},"end":{"line":73,"column":12}},"type":"default-arg","locations":[{"start":{"line":73,"column":10},"end":{"line":73,"column":12}}],"line":73},"16":{"loc":{"start":{"line":74,"column":2},"end":{"line":74,"column":18}},"type":"default-arg","locations":[{"start":{"line":74,"column":13},"end":{"line":74,"column":18}}],"line":74},"17":{"loc":{"start":{"line":75,"column":2},"end":{"line":75,"column":18}},"type":"default-arg","locations":[{"start":{"line":75,"column":13},"end":{"line":75,"column":18}}],"line":75},"18":{"loc":{"start":{"line":76,"column":2},"end":{"line":76,"column":10}},"type":"default-arg","locations":[{"start":{"line":76,"column":9},"end":{"line":76,"column":10}}],"line":76},"19":{"loc":{"start":{"line":77,"column":2},"end":{"line":77,"column":16}},"type":"default-arg","locations":[{"start":{"line":77,"column":14},"end":{"line":77,"column":16}}],"line":77},"20":{"loc":{"start":{"line":82,"column":13},"end":{"line":82,"column":34}},"type":"binary-expr","locations":[{"start":{"line":82,"column":13},"end":{"line":82,"column":19}},{"start":{"line":82,"column":23},"end":{"line":82,"column":34}}],"line":82},"21":{"loc":{"start":{"line":87,"column":7},"end":{"line":92,"column":7}},"type":"binary-expr","locations":[{"start":{"line":87,"column":7},"end":{"line":87,"column":12}},{"start":{"line":88,"column":8},"end":{"line":91,"column":16}}],"line":87},"22":{"loc":{"start":{"line":90,"column":11},"end":{"line":90,"column":84}},"type":"binary-expr","locations":[{"start":{"line":90,"column":11},"end":{"line":90,"column":19}},{"start":{"line":90,"column":23},"end":{"line":90,"column":84}}],"line":90},"23":{"loc":{"start":{"line":102,"column":22},"end":{"line":102,"column":48}},"type":"cond-expr","locations":[{"start":{"line":102,"column":30},"end":{"line":102,"column":36}},{"start":{"line":102,"column":39},"end":{"line":102,"column":48}}],"line":102},"24":{"loc":{"start":{"line":103,"column":26},"end":{"line":103,"column":53}},"type":"cond-expr","locations":[{"start":{"line":103,"column":34},"end":{"line":103,"column":41}},{"start":{"line":103,"column":44},"end":{"line":103,"column":53}}],"line":103},"25":{"loc":{"start":{"line":104,"column":45},"end":{"line":104,"column":77}},"type":"cond-expr","locations":[{"start":{"line":104,"column":53},"end":{"line":104,"column":72}},{"start":{"line":104,"column":75},"end":{"line":104,"column":77}}],"line":104},"26":{"loc":{"start":{"line":107,"column":7},"end":{"line":111,"column":7}},"type":"binary-expr","locations":[{"start":{"line":107,"column":7},"end":{"line":107,"column":12}},{"start":{"line":108,"column":8},"end":{"line":110,"column":14}}],"line":107},"27":{"loc":{"start":{"line":131,"column":2},"end":{"line":131,"column":14}},"type":"default-arg","locations":[{"start":{"line":131,"column":12},"end":{"line":131,"column":14}}],"line":131},"28":{"loc":{"start":{"line":134,"column":2},"end":{"line":134,"column":12}},"type":"default-arg","locations":[{"start":{"line":134,"column":10},"end":{"line":134,"column":12}}],"line":134},"29":{"loc":{"start":{"line":135,"column":2},"end":{"line":135,"column":18}},"type":"default-arg","locations":[{"start":{"line":135,"column":13},"end":{"line":135,"column":18}}],"line":135},"30":{"loc":{"start":{"line":136,"column":2},"end":{"line":136,"column":18}},"type":"default-arg","locations":[{"start":{"line":136,"column":13},"end":{"line":136,"column":18}}],"line":136},"31":{"loc":{"start":{"line":137,"column":2},"end":{"line":137,"column":16}},"type":"default-arg","locations":[{"start":{"line":137,"column":14},"end":{"line":137,"column":16}}],"line":137},"32":{"loc":{"start":{"line":142,"column":13},"end":{"line":142,"column":34}},"type":"binary-expr","locations":[{"start":{"line":142,"column":13},"end":{"line":142,"column":19}},{"start":{"line":142,"column":23},"end":{"line":142,"column":34}}],"line":142},"33":{"loc":{"start":{"line":147,"column":7},"end":{"line":152,"column":7}},"type":"binary-expr","locations":[{"start":{"line":147,"column":7},"end":{"line":147,"column":12}},{"start":{"line":148,"column":8},"end":{"line":151,"column":16}}],"line":147},"34":{"loc":{"start":{"line":150,"column":11},"end":{"line":150,"column":84}},"type":"binary-expr","locations":[{"start":{"line":150,"column":11},"end":{"line":150,"column":19}},{"start":{"line":150,"column":23},"end":{"line":150,"column":84}}],"line":150},"35":{"loc":{"start":{"line":159,"column":22},"end":{"line":159,"column":48}},"type":"cond-expr","locations":[{"start":{"line":159,"column":30},"end":{"line":159,"column":36}},{"start":{"line":159,"column":39},"end":{"line":159,"column":48}}],"line":159},"36":{"loc":{"start":{"line":160,"column":26},"end":{"line":160,"column":53}},"type":"cond-expr","locations":[{"start":{"line":160,"column":34},"end":{"line":160,"column":41}},{"start":{"line":160,"column":44},"end":{"line":160,"column":53}}],"line":160},"37":{"loc":{"start":{"line":161,"column":33},"end":{"line":161,"column":65}},"type":"cond-expr","locations":[{"start":{"line":161,"column":41},"end":{"line":161,"column":60}},{"start":{"line":161,"column":63},"end":{"line":161,"column":65}}],"line":161},"38":{"loc":{"start":{"line":171,"column":7},"end":{"line":175,"column":7}},"type":"binary-expr","locations":[{"start":{"line":171,"column":7},"end":{"line":171,"column":12}},{"start":{"line":172,"column":8},"end":{"line":174,"column":14}}],"line":171},"39":{"loc":{"start":{"line":198,"column":2},"end":{"line":198,"column":17}},"type":"default-arg","locations":[{"start":{"line":198,"column":12},"end":{"line":198,"column":17}}],"line":198},"40":{"loc":{"start":{"line":200,"column":2},"end":{"line":200,"column":18}},"type":"default-arg","locations":[{"start":{"line":200,"column":13},"end":{"line":200,"column":18}}],"line":200},"41":{"loc":{"start":{"line":201,"column":2},"end":{"line":201,"column":16}},"type":"default-arg","locations":[{"start":{"line":201,"column":14},"end":{"line":201,"column":16}}],"line":201},"42":{"loc":{"start":{"line":205,"column":58},"end":{"line":205,"column":105}},"type":"cond-expr","locations":[{"start":{"line":205,"column":69},"end":{"line":205,"column":100}},{"start":{"line":205,"column":103},"end":{"line":205,"column":105}}],"line":205},"43":{"loc":{"start":{"line":214,"column":7},"end":{"line":214,"column":75}},"type":"binary-expr","locations":[{"start":{"line":214,"column":7},"end":{"line":214,"column":12}},{"start":{"line":214,"column":16},"end":{"line":214,"column":75}}],"line":214}},"s":{"0":3,"1":572,"2":572,"3":572,"4":572,"5":3,"6":3,"7":7,"8":7,"9":7,"10":7,"11":3,"12":3,"13":6,"14":6,"15":6,"16":6,"17":12,"18":3,"19":3,"20":6,"21":3},"f":{"0":572,"1":7,"2":6,"3":12,"4":6},"b":{"0":[18],"1":[144],"2":[376],"3":[439],"4":[570],"5":[572],"6":[572,569],"7":[572,542],"8":[542,2],"9":[184,388],"10":[184,388],"11":[572,570],"12":[184,388],"13":[572,184],"14":[7],"15":[6],"16":[6],"17":[6],"18":[7],"19":[7],"20":[7,7],"21":[7,3],"22":[3,1],"23":[1,6],"24":[1,6],"25":[1,6],"26":[7,1],"27":[0],"28":[5],"29":[5],"30":[6],"31":[6],"32":[6,6],"33":[6,1],"34":[1,0],"35":[1,5],"36":[1,5],"37":[1,5],"38":[6,1],"39":[0],"40":[5],"41":[6],"42":[1,5],"43":[6,1]},"_coverageSchema":"1a1c01bbd47fc00a2c39e90264f33305004495a9","hash":"6fdf4fa3a8d1075845ed05c89c391b4665da6c2a"}
,"D:\\Aterna\\src\\components\\common\\RouteErrorBoundary.jsx": {"path":"D:\\Aterna\\src\\components\\common\\RouteErrorBoundary.jsx","statementMap":{"0":{"start":{"line":7,"column":4},"end":{"line":7,"column":17}},"1":{"start":{"line":8,"column":4},"end":{"line":8,"column":55}},"2":{"start":{"line":12,"column":4},"end":{"line":12,"column":86}},"3":{"start":{"line":16,"column":4},"end":{"line":16,"column":57}},"4":{"start":{"line":20,"column":4},"end":{"line":40,"column":5}},"5":{"start":{"line":21,"column":6},"end":{"line":39,"column":8}},"6":{"start":{"line":28,"column":31},"end":{"line":28,"column":83}},"7":{"start":{"line":42,"column":4},"end":{"line":42,"column":31}},"8":{"start":{"line":46,"column":0},"end":{"line":48,"column":2}}},"fnMap":{"0":{"name":"(anonymous_0)","decl":{"start":{"line":6,"column":2},"end":{"line":6,"column":3}},"loc":{"start":{"line":6,"column":21},"end":{"line":9,"column":3}},"line":6},"1":{"name":"(anonymous_1)","decl":{"start":{"line":11,"column":2},"end":{"line":11,"column":3}},"loc":{"start":{"line":11,"column":41},"end":{"line":13,"column":3}},"line":11},"2":{"name":"(anonymous_2)","decl":{"start":{"line":15,"column":2},"end":{"line":15,"column":3}},"loc":{"start":{"line":15,"column":27},"end":{"line":17,"column":3}},"line":15},"3":{"name":"(anonymous_3)","decl":{"start":{"line":19,"column":2},"end":{"line":19,"column":3}},"loc":{"start":{"line":19,"column":11},"end":{"line":43,"column":3}},"line":19},"4":{"name":"(anonymous_4)","decl":{"start":{"line":28,"column":25},"end":{"line":28,"column":26}},"loc":{"start":{"line":28,"column":31},"end":{"line":28,"column":83}},"line":28}},"branchMap":{"0":{"loc":{"start":{"line":12,"column":43},"end":{"line":12,"column":83}},"type":"binary-expr","locations":[{"start":{"line":12,"column":43},"end":{"line":12,"column":57}},{"start":{"line":12,"column":61},"end":{"line":12,"column":83}}],"line":12},"1":{"loc":{"start":{"line":20,"column":4},"end":{"line":40,"column":5}},"type":"if","locations":[{"start":{"line":20,"column":4},"end":{"line":40,"column":5}},{"start":{},"end":{}}],"line":20}},"s":{"0":9,"1":8,"2":6,"3":3,"4":16,"5":7,"6":1,"7":9,"8":2},"f":{"0":9,"1":6,"2":3,"3":16,"4":1},"b":{"0":[6,0],"1":[7,9]},"_coverageSchema":"1a1c01bbd47fc00a2c39e90264f33305004495a9","hash":"ba5b8cac0e15a6e9ff80caf9c5e06215e180c747"}
,"D:\\Aterna\\src\\components\\common\\Tooltip.jsx": {"path":"D:\\Aterna\\src\\components\\common\\Tooltip.jsx","statementMap":{"0":{"start":{"line":12,"column":18},"end":{"line":17,"column":1}},"1":{"start":{"line":19,"column":23},"end":{"line":77,"column":1}},"2":{"start":{"line":27,"column":32},"end":{"line":27,"column":47}},"3":{"start":{"line":28,"column":19},"end":{"line":28,"column":31}},"4":{"start":{"line":29,"column":12},"end":{"line":29,"column":49}},"5":{"start":{"line":31,"column":15},"end":{"line":34,"column":32}},"6":{"start":{"line":32,"column":4},"end":{"line":32,"column":37}},"7":{"start":{"line":32,"column":30},"end":{"line":32,"column":37}},"8":{"start":{"line":33,"column":4},"end":{"line":33,"column":65}},"9":{"start":{"line":33,"column":40},"end":{"line":33,"column":56}},"10":{"start":{"line":36,"column":15},"end":{"line":39,"column":8}},"11":{"start":{"line":37,"column":4},"end":{"line":37,"column":35}},"12":{"start":{"line":38,"column":4},"end":{"line":38,"column":22}},"13":{"start":{"line":41,"column":2},"end":{"line":41,"column":32}},"14":{"start":{"line":41,"column":16},"end":{"line":41,"column":32}},"15":{"start":{"line":43,"column":2},"end":{"line":76,"column":4}},"16":{"start":{"line":79,"column":0},"end":{"line":86,"column":2}}},"fnMap":{"0":{"name":"(anonymous_0)","decl":{"start":{"line":19,"column":23},"end":{"line":19,"column":24}},"loc":{"start":{"line":26,"column":6},"end":{"line":77,"column":1}},"line":26},"1":{"name":"(anonymous_1)","decl":{"start":{"line":31,"column":27},"end":{"line":31,"column":28}},"loc":{"start":{"line":31,"column":33},"end":{"line":34,"column":3}},"line":31},"2":{"name":"(anonymous_2)","decl":{"start":{"line":33,"column":34},"end":{"line":33,"column":35}},"loc":{"start":{"line":33,"column":40},"end":{"line":33,"column":56}},"line":33},"3":{"name":"(anonymous_3)","decl":{"start":{"line":36,"column":27},"end":{"line":36,"column":28}},"loc":{"start":{"line":36,"column":33},"end":{"line":39,"column":3}},"line":36}},"branchMap":{"0":{"loc":{"start":{"line":22,"column":2},"end":{"line":22,"column":19}},"type":"default-arg","locations":[{"start":{"line":22,"column":14},"end":{"line":22,"column":19}}],"line":22},"1":{"loc":{"start":{"line":23,"column":2},"end":{"line":23,"column":18}},"type":"default-arg","locations":[{"start":{"line":23,"column":13},"end":{"line":23,"column":18}}],"line":23},"2":{"loc":{"start":{"line":24,"column":2},"end":{"line":24,"column":16}},"type":"default-arg","locations":[{"start":{"line":24,"column":13},"end":{"line":24,"column":16}}],"line":24},"3":{"loc":{"start":{"line":25,"column":2},"end":{"line":25,"column":13}},"type":"default-arg","locations":[{"start":{"line":25,"column":10},"end":{"line":25,"column":13}}],"line":25},"4":{"loc":{"start":{"line":29,"column":12},"end":{"line":29,"column":49}},"type":"binary-expr","locations":[{"start":{"line":29,"column":12},"end":{"line":29,"column":32}},{"start":{"line":29,"column":36},"end":{"line":29,"column":49}}],"line":29},"5":{"loc":{"start":{"line":32,"column":4},"end":{"line":32,"column":37}},"type":"if","locations":[{"start":{"line":32,"column":4},"end":{"line":32,"column":37}},{"start":{},"end":{}}],"line":32},"6":{"loc":{"start":{"line":32,"column":8},"end":{"line":32,"column":28}},"type":"binary-expr","locations":[{"start":{"line":32,"column":8},"end":{"line":32,"column":16}},{"start":{"line":32,"column":20},"end":{"line":32,"column":28}}],"line":32},"7":{"loc":{"start":{"line":41,"column":2},"end":{"line":41,"column":32}},"type":"if","locations":[{"start":{"line":41,"column":2},"end":{"line":41,"column":32}},{"start":{},"end":{}}],"line":41},"8":{"loc":{"start":{"line":53,"column":7},"end":{"line":74,"column":7}},"type":"binary-expr","locations":[{"start":{"line":53,"column":7},"end":{"line":53,"column":14}},{"start":{"line":54,"column":8},"end":{"line":73,"column":15}}],"line":53}},"s":{"0":2,"1":2,"2":119,"3":119,"4":119,"5":119,"6":10,"7":1,"8":9,"9":9,"10":119,"11":2,"12":2,"13":119,"14":2,"15":117,"16":2},"f":{"0":119,"1":10,"2":9,"3":2},"b":{"0":[15],"1":[118],"2":[117],"3":[98],"4":[119,0],"5":[1,9],"6":[10,9],"7":[2,117],"8":[117,9]},"_coverageSchema":"1a1c01bbd47fc00a2c39e90264f33305004495a9","hash":"cf87ccab03ce64749c5f5001beb0083590e19a06"}
,"D:\\Aterna\\src\\components\\common\\UI.jsx": {"path":"D:\\Aterna\\src\\components\\common\\UI.jsx","statementMap":{"0":{"start":{"line":4,"column":20},"end":{"line":16,"column":1}},"1":{"start":{"line":5,"column":23},"end":{"line":5,"column":64}},"2":{"start":{"line":6,"column":23},"end":{"line":6,"column":77}},"3":{"start":{"line":7,"column":2},"end":{"line":15,"column":4}},"4":{"start":{"line":18,"column":0},"end":{"line":24,"column":2}},"5":{"start":{"line":26,"column":21},"end":{"line":46,"column":1}},"6":{"start":{"line":27,"column":25},"end":{"line":34,"column":3}},"7":{"start":{"line":35,"column":22},"end":{"line":39,"column":3}},"8":{"start":{"line":41,"column":2},"end":{"line":45,"column":4}},"9":{"start":{"line":48,"column":0},"end":{"line":53,"column":2}},"10":{"start":{"line":55,"column":21},"end":{"line":89,"column":1}},"11":{"start":{"line":56,"column":22},"end":{"line":61,"column":3}},"12":{"start":{"line":63,"column":16},"end":{"line":68,"column":3}},"13":{"start":{"line":70,"column":2},"end":{"line":88,"column":4}},"14":{"start":{"line":91,"column":0},"end":{"line":97,"column":2}},"15":{"start":{"line":99,"column":23},"end":{"line":129,"column":1}},"16":{"start":{"line":100,"column":22},"end":{"line":104,"column":3}},"17":{"start":{"line":106,"column":2},"end":{"line":128,"column":4}},"18":{"start":{"line":131,"column":0},"end":{"line":134,"column":2}},"19":{"start":{"line":136,"column":21},"end":{"line":177,"column":1}},"20":{"start":{"line":146,"column":2},"end":{"line":146,"column":27}},"21":{"start":{"line":146,"column":15},"end":{"line":146,"column":27}},"22":{"start":{"line":148,"column":22},"end":{"line":154,"column":3}},"23":{"start":{"line":156,"column":2},"end":{"line":176,"column":4}},"24":{"start":{"line":179,"column":0},"end":{"line":187,"column":2}}},"fnMap":{"0":{"name":"(anonymous_0)","decl":{"start":{"line":4,"column":20},"end":{"line":4,"column":21}},"loc":{"start":{"line":4,"column":92},"end":{"line":16,"column":1}},"line":4},"1":{"name":"(anonymous_1)","decl":{"start":{"line":26,"column":21},"end":{"line":26,"column":22}},"loc":{"start":{"line":26,"column":91},"end":{"line":46,"column":1}},"line":26},"2":{"name":"(anonymous_2)","decl":{"start":{"line":55,"column":21},"end":{"line":55,"column":22}},"loc":{"start":{"line":55,"column":95},"end":{"line":89,"column":1}},"line":55},"3":{"name":"(anonymous_3)","decl":{"start":{"line":99,"column":23},"end":{"line":99,"column":24}},"loc":{"start":{"line":99,"column":69},"end":{"line":129,"column":1}},"line":99},"4":{"name":"(anonymous_4)","decl":{"start":{"line":136,"column":21},"end":{"line":136,"column":22}},"loc":{"start":{"line":145,"column":6},"end":{"line":177,"column":1}},"line":145}},"branchMap":{"0":{"loc":{"start":{"line":4,"column":33},"end":{"line":4,"column":47}},"type":"default-arg","locations":[{"start":{"line":4,"column":45},"end":{"line":4,"column":47}}],"line":4},"1":{"loc":{"start":{"line":5,"column":23},"end":{"line":5,"column":64}},"type":"cond-expr","locations":[{"start":{"line":5,"column":48},"end":{"line":5,"column":59}},{"start":{"line":5,"column":62},"end":{"line":5,"column":64}}],"line":5},"2":{"loc":{"start":{"line":6,"column":23},"end":{"line":6,"column":77}},"type":"cond-expr","locations":[{"start":{"line":6,"column":35},"end":{"line":6,"column":72}},{"start":{"line":6,"column":75},"end":{"line":6,"column":77}}],"line":6},"3":{"loc":{"start":{"line":9,"column":55},"end":{"line":9,"column":86}},"type":"cond-expr","locations":[{"start":{"line":9,"column":65},"end":{"line":9,"column":81}},{"start":{"line":9,"column":84},"end":{"line":9,"column":86}}],"line":9},"4":{"loc":{"start":{"line":26,"column":34},"end":{"line":26,"column":53}},"type":"default-arg","locations":[{"start":{"line":26,"column":44},"end":{"line":26,"column":53}}],"line":26},"5":{"loc":{"start":{"line":26,"column":61},"end":{"line":26,"column":75}},"type":"default-arg","locations":[{"start":{"line":26,"column":73},"end":{"line":26,"column":75}}],"line":26},"6":{"loc":{"start":{"line":42,"column":30},"end":{"line":42,"column":72}},"type":"binary-expr","locations":[{"start":{"line":42,"column":30},"end":{"line":42,"column":53}},{"start":{"line":42,"column":57},"end":{"line":42,"column":72}}],"line":42},"7":{"loc":{"start":{"line":42,"column":76},"end":{"line":42,"column":111}},"type":"cond-expr","locations":[{"start":{"line":42,"column":83},"end":{"line":42,"column":106}},{"start":{"line":42,"column":109},"end":{"line":42,"column":111}}],"line":42},"8":{"loc":{"start":{"line":42,"column":83},"end":{"line":42,"column":106}},"type":"binary-expr","locations":[{"start":{"line":42,"column":83},"end":{"line":42,"column":100}},{"start":{"line":42,"column":104},"end":{"line":42,"column":106}}],"line":42},"9":{"loc":{"start":{"line":55,"column":24},"end":{"line":55,"column":37}},"type":"default-arg","locations":[{"start":{"line":55,"column":31},"end":{"line":55,"column":37}}],"line":55},"10":{"loc":{"start":{"line":55,"column":65},"end":{"line":55,"column":79}},"type":"default-arg","locations":[{"start":{"line":55,"column":77},"end":{"line":55,"column":79}}],"line":55},"11":{"loc":{"start":{"line":75,"column":11},"end":{"line":75,"column":67}},"type":"binary-expr","locations":[{"start":{"line":75,"column":11},"end":{"line":75,"column":16}},{"start":{"line":75,"column":20},"end":{"line":75,"column":67}}],"line":75},"12":{"loc":{"start":{"line":78,"column":9},"end":{"line":85,"column":9}},"type":"binary-expr","locations":[{"start":{"line":78,"column":9},"end":{"line":78,"column":16}},{"start":{"line":79,"column":10},"end":{"line":84,"column":19}}],"line":78},"13":{"loc":{"start":{"line":99,"column":26},"end":{"line":99,"column":37}},"type":"default-arg","locations":[{"start":{"line":99,"column":33},"end":{"line":99,"column":37}}],"line":99},"14":{"loc":{"start":{"line":99,"column":39},"end":{"line":99,"column":53}},"type":"default-arg","locations":[{"start":{"line":99,"column":51},"end":{"line":99,"column":53}}],"line":99},"15":{"loc":{"start":{"line":137,"column":2},"end":{"line":137,"column":16}},"type":"default-arg","locations":[{"start":{"line":137,"column":11},"end":{"line":137,"column":16}}],"line":137},"16":{"loc":{"start":{"line":141,"column":2},"end":{"line":141,"column":20}},"type":"default-arg","locations":[{"start":{"line":141,"column":16},"end":{"line":141,"column":20}}],"line":141},"17":{"loc":{"start":{"line":142,"column":2},"end":{"line":142,"column":13}},"type":"default-arg","locations":[{"start":{"line":142,"column":9},"end":{"line":142,"column":13}}],"line":142},"18":{"loc":{"start":{"line":143,"column":2},"end":{"line":143,"column":16}},"type":"default-arg","locations":[{"start":{"line":143,"column":14},"end":{"line":143,"column":16}}],"line":143},"19":{"loc":{"start":{"line":146,"column":2},"end":{"line":146,"column":27}},"type":"if","locations":[{"start":{"line":146,"column":2},"end":{"line":146,"column":27}},{"start":{},"end":{}}],"line":146},"20":{"loc":{"start":{"line":161,"column":11},"end":{"line":161,"column":79}},"type":"binary-expr","locations":[{"start":{"line":161,"column":11},"end":{"line":161,"column":16}},{"start":{"line":161,"column":20},"end":{"line":161,"column":79}}],"line":161},"21":{"loc":{"start":{"line":162,"column":11},"end":{"line":169,"column":11}},"type":"binary-expr","locations":[{"start":{"line":162,"column":11},"end":{"line":162,"column":22}},{"start":{"line":163,"column":12},"end":{"line":168,"column":21}}],"line":162}},"s":{"0":4,"1":5,"2":5,"3":5,"4":4,"5":4,"6":11,"7":11,"8":11,"9":4,"10":4,"11":9,"12":9,"13":9,"14":4,"15":4,"16":5,"17":5,"18":4,"19":4,"20":10,"21":1,"22":9,"23":9,"24":4},"f":{"0":5,"1":11,"2":9,"3":5,"4":10},"b":{"0":[4],"1":[1,4],"2":[1,4],"3":[1,4],"4":[5],"5":[10],"6":[11,0],"7":[3,8],"8":[3,0],"9":[4],"10":[8],"11":[9,1],"12":[9,2],"13":[2],"14":[4],"15":[0],"16":[9],"17":[5],"18":[10],"19":[1,9],"20":[9,1],"21":[9,8]},"_coverageSchema":"1a1c01bbd47fc00a2c39e90264f33305004495a9","hash":"c5f44c2395242828d0041ae56a38bd15a30e77fd"}
,"D:\\Aterna\\src\\contexts\\AuthContext.jsx": {"path":"D:\\Aterna\\src\\contexts\\AuthContext.jsx","statementMap":{"0":{"start":{"line":12,"column":27},"end":{"line":12,"column":46}},"1":{"start":{"line":14,"column":28},"end":{"line":187,"column":1}},"2":{"start":{"line":15,"column":26},"end":{"line":15,"column":40}},"3":{"start":{"line":16,"column":28},"end":{"line":16,"column":42}},"4":{"start":{"line":17,"column":32},"end":{"line":17,"column":47}},"5":{"start":{"line":18,"column":42},"end":{"line":18,"column":56}},"6":{"start":{"line":19,"column":28},"end":{"line":19,"column":42}},"7":{"start":{"line":22,"column":2},"end":{"line":51,"column":9}},"8":{"start":{"line":23,"column":27},"end":{"line":41,"column":5}},"9":{"start":{"line":24,"column":6},"end":{"line":40,"column":7}},"10":{"start":{"line":25,"column":28},"end":{"line":25,"column":44}},"11":{"start":{"line":26,"column":27},"end":{"line":26,"column":42}},"12":{"start":{"line":29,"column":8},"end":{"line":35,"column":9}},"13":{"start":{"line":30,"column":10},"end":{"line":30,"column":32}},"14":{"start":{"line":31,"column":10},"end":{"line":31,"column":30}},"15":{"start":{"line":34,"column":10},"end":{"line":34,"column":24}},"16":{"start":{"line":37,"column":8},"end":{"line":37,"column":57}},"17":{"start":{"line":39,"column":8},"end":{"line":39,"column":31}},"18":{"start":{"line":42,"column":4},"end":{"line":42,"column":21}},"19":{"start":{"line":45,"column":31},"end":{"line":48,"column":5}},"20":{"start":{"line":46,"column":6},"end":{"line":46,"column":21}},"21":{"start":{"line":47,"column":6},"end":{"line":47,"column":20}},"22":{"start":{"line":49,"column":4},"end":{"line":49,"column":63}},"23":{"start":{"line":50,"column":4},"end":{"line":50,"column":79}},"24":{"start":{"line":50,"column":17},"end":{"line":50,"column":78}},"25":{"start":{"line":53,"column":19},"end":{"line":66,"column":8}},"26":{"start":{"line":54,"column":4},"end":{"line":54,"column":21}},"27":{"start":{"line":55,"column":4},"end":{"line":55,"column":19}},"28":{"start":{"line":56,"column":4},"end":{"line":65,"column":5}},"29":{"start":{"line":57,"column":23},"end":{"line":57,"column":83}},"30":{"start":{"line":58,"column":6},"end":{"line":58,"column":22}},"31":{"start":{"line":60,"column":23},"end":{"line":60,"column":65}},"32":{"start":{"line":61,"column":6},"end":{"line":61,"column":25}},"33":{"start":{"line":62,"column":6},"end":{"line":62,"column":16}},"34":{"start":{"line":64,"column":6},"end":{"line":64,"column":24}},"35":{"start":{"line":68,"column":16},"end":{"line":87,"column":8}},"36":{"start":{"line":69,"column":4},"end":{"line":69,"column":21}},"37":{"start":{"line":70,"column":4},"end":{"line":70,"column":19}},"38":{"start":{"line":71,"column":4},"end":{"line":86,"column":5}},"39":{"start":{"line":72,"column":23},"end":{"line":72,"column":63}},"40":{"start":{"line":73,"column":47},"end":{"line":73,"column":55}},"41":{"start":{"line":75,"column":6},"end":{"line":75,"column":29}},"42":{"start":{"line":76,"column":6},"end":{"line":76,"column":24}},"43":{"start":{"line":78,"column":6},"end":{"line":78,"column":22}},"44":{"start":{"line":80,"column":6},"end":{"line":80,"column":57}},"45":{"start":{"line":81,"column":23},"end":{"line":81,"column":65}},"46":{"start":{"line":82,"column":6},"end":{"line":82,"column":25}},"47":{"start":{"line":83,"column":6},"end":{"line":83,"column":16}},"48":{"start":{"line":85,"column":6},"end":{"line":85,"column":24}},"49":{"start":{"line":89,"column":17},"end":{"line":98,"column":8}},"50":{"start":{"line":90,"column":4},"end":{"line":90,"column":19}},"51":{"start":{"line":91,"column":4},"end":{"line":91,"column":18}},"52":{"start":{"line":92,"column":4},"end":{"line":92,"column":19}},"53":{"start":{"line":93,"column":4},"end":{"line":97,"column":5}},"54":{"start":{"line":94,"column":6},"end":{"line":94,"column":33}},"55":{"start":{"line":96,"column":6},"end":{"line":96,"column":20}},"56":{"start":{"line":100,"column":24},"end":{"line":117,"column":8}},"57":{"start":{"line":101,"column":4},"end":{"line":101,"column":21}},"58":{"start":{"line":102,"column":4},"end":{"line":102,"column":19}},"59":{"start":{"line":103,"column":4},"end":{"line":116,"column":5}},"60":{"start":{"line":104,"column":23},"end":{"line":104,"column":63}},"61":{"start":{"line":105,"column":26},"end":{"line":105,"column":39}},"62":{"start":{"line":106,"column":6},"end":{"line":106,"column":27}},"63":{"start":{"line":108,"column":6},"end":{"line":108,"column":66}},"64":{"start":{"line":109,"column":6},"end":{"line":109,"column":22}},"65":{"start":{"line":111,"column":23},"end":{"line":111,"column":65}},"66":{"start":{"line":112,"column":6},"end":{"line":112,"column":25}},"67":{"start":{"line":113,"column":6},"end":{"line":113,"column":16}},"68":{"start":{"line":115,"column":6},"end":{"line":115,"column":24}},"69":{"start":{"line":119,"column":25},"end":{"line":136,"column":8}},"70":{"start":{"line":120,"column":4},"end":{"line":120,"column":21}},"71":{"start":{"line":121,"column":4},"end":{"line":121,"column":19}},"72":{"start":{"line":122,"column":4},"end":{"line":135,"column":5}},"73":{"start":{"line":123,"column":23},"end":{"line":127,"column":7}},"74":{"start":{"line":128,"column":6},"end":{"line":128,"column":22}},"75":{"start":{"line":130,"column":23},"end":{"line":130,"column":65}},"76":{"start":{"line":131,"column":6},"end":{"line":131,"column":25}},"77":{"start":{"line":132,"column":6},"end":{"line":132,"column":16}},"78":{"start":{"line":134,"column":6},"end":{"line":134,"column":24}},"79":{"start":{"line":138,"column":31},"end":{"line":151,"column":8}},"80":{"start":{"line":139,"column":4},"end":{"line":139,"column":21}},"81":{"start":{"line":140,"column":4},"end":{"line":140,"column":19}},"82":{"start":{"line":141,"column":4},"end":{"line":150,"column":5}},"83":{"start":{"line":142,"column":23},"end":{"line":142,"column":68}},"84":{"start":{"line":143,"column":6},"end":{"line":143,"column":22}},"85":{"start":{"line":145,"column":23},"end":{"line":145,"column":65}},"86":{"start":{"line":146,"column":6},"end":{"line":146,"column":25}},"87":{"start":{"line":147,"column":6},"end":{"line":147,"column":16}},"88":{"start":{"line":149,"column":6},"end":{"line":149,"column":24}},"89":{"start":{"line":153,"column":24},"end":{"line":166,"column":8}},"90":{"start":{"line":154,"column":4},"end":{"line":154,"column":21}},"91":{"start":{"line":155,"column":4},"end":{"line":155,"column":19}},"92":{"start":{"line":156,"column":4},"end":{"line":165,"column":5}},"93":{"start":{"line":157,"column":23},"end":{"line":157,"column":88}},"94":{"start":{"line":158,"column":6},"end":{"line":158,"column":22}},"95":{"start":{"line":160,"column":23},"end":{"line":160,"column":65}},"96":{"start":{"line":161,"column":6},"end":{"line":161,"column":25}},"97":{"start":{"line":162,"column":6},"end":{"line":162,"column":16}},"98":{"start":{"line":164,"column":6},"end":{"line":164,"column":24}},"99":{"start":{"line":168,"column":26},"end":{"line":168,"column":43}},"100":{"start":{"line":170,"column":16},"end":{"line":184,"column":3}},"101":{"start":{"line":186,"column":2},"end":{"line":186,"column":79}},"102":{"start":{"line":189,"column":0},"end":{"line":191,"column":2}}},"fnMap":{"0":{"name":"(anonymous_0)","decl":{"start":{"line":14,"column":28},"end":{"line":14,"column":29}},"loc":{"start":{"line":14,"column":46},"end":{"line":187,"column":1}},"line":14},"1":{"name":"(anonymous_1)","decl":{"start":{"line":22,"column":12},"end":{"line":22,"column":13}},"loc":{"start":{"line":22,"column":18},"end":{"line":51,"column":3}},"line":22},"2":{"name":"(anonymous_2)","decl":{"start":{"line":23,"column":27},"end":{"line":23,"column":28}},"loc":{"start":{"line":23,"column":39},"end":{"line":41,"column":5}},"line":23},"3":{"name":"(anonymous_3)","decl":{"start":{"line":45,"column":31},"end":{"line":45,"column":32}},"loc":{"start":{"line":45,"column":37},"end":{"line":48,"column":5}},"line":45},"4":{"name":"(anonymous_4)","decl":{"start":{"line":50,"column":11},"end":{"line":50,"column":12}},"loc":{"start":{"line":50,"column":17},"end":{"line":50,"column":78}},"line":50},"5":{"name":"(anonymous_5)","decl":{"start":{"line":53,"column":31},"end":{"line":53,"column":32}},"loc":{"start":{"line":53,"column":75},"end":{"line":66,"column":3}},"line":53},"6":{"name":"(anonymous_6)","decl":{"start":{"line":68,"column":28},"end":{"line":68,"column":29}},"loc":{"start":{"line":68,"column":55},"end":{"line":87,"column":3}},"line":68},"7":{"name":"(anonymous_7)","decl":{"start":{"line":89,"column":29},"end":{"line":89,"column":30}},"loc":{"start":{"line":89,"column":41},"end":{"line":98,"column":3}},"line":89},"8":{"name":"(anonymous_8)","decl":{"start":{"line":100,"column":36},"end":{"line":100,"column":37}},"loc":{"start":{"line":100,"column":55},"end":{"line":117,"column":3}},"line":100},"9":{"name":"(anonymous_9)","decl":{"start":{"line":119,"column":37},"end":{"line":119,"column":38}},"loc":{"start":{"line":119,"column":94},"end":{"line":136,"column":3}},"line":119},"10":{"name":"(anonymous_10)","decl":{"start":{"line":138,"column":43},"end":{"line":138,"column":44}},"loc":{"start":{"line":138,"column":60},"end":{"line":151,"column":3}},"line":138},"11":{"name":"(anonymous_11)","decl":{"start":{"line":153,"column":36},"end":{"line":153,"column":37}},"loc":{"start":{"line":153,"column":80},"end":{"line":166,"column":3}},"line":153}},"branchMap":{"0":{"loc":{"start":{"line":29,"column":8},"end":{"line":35,"column":9}},"type":"if","locations":[{"start":{"line":29,"column":8},"end":{"line":35,"column":9}},{"start":{"line":32,"column":15},"end":{"line":35,"column":9}}],"line":29},"1":{"loc":{"start":{"line":29,"column":12},"end":{"line":29,"column":65}},"type":"binary-expr","locations":[{"start":{"line":29,"column":12},"end":{"line":29,"column":23}},{"start":{"line":29,"column":27},"end":{"line":29,"column":37}},{"start":{"line":29,"column":41},"end":{"line":29,"column":65}}],"line":29},"2":{"loc":{"start":{"line":60,"column":23},"end":{"line":60,"column":65}},"type":"binary-expr","locations":[{"start":{"line":60,"column":23},"end":{"line":60,"column":50}},{"start":{"line":60,"column":54},"end":{"line":60,"column":65}}],"line":60},"3":{"loc":{"start":{"line":81,"column":23},"end":{"line":81,"column":65}},"type":"binary-expr","locations":[{"start":{"line":81,"column":23},"end":{"line":81,"column":50}},{"start":{"line":81,"column":54},"end":{"line":81,"column":65}}],"line":81},"4":{"loc":{"start":{"line":111,"column":23},"end":{"line":111,"column":65}},"type":"binary-expr","locations":[{"start":{"line":111,"column":23},"end":{"line":111,"column":50}},{"start":{"line":111,"column":54},"end":{"line":111,"column":65}}],"line":111},"5":{"loc":{"start":{"line":130,"column":23},"end":{"line":130,"column":65}},"type":"binary-expr","locations":[{"start":{"line":130,"column":23},"end":{"line":130,"column":50}},{"start":{"line":130,"column":54},"end":{"line":130,"column":65}}],"line":130},"6":{"loc":{"start":{"line":145,"column":23},"end":{"line":145,"column":65}},"type":"binary-expr","locations":[{"start":{"line":145,"column":23},"end":{"line":145,"column":50}},{"start":{"line":145,"column":54},"end":{"line":145,"column":65}}],"line":145},"7":{"loc":{"start":{"line":160,"column":23},"end":{"line":160,"column":65}},"type":"binary-expr","locations":[{"start":{"line":160,"column":23},"end":{"line":160,"column":50}},{"start":{"line":160,"column":54},"end":{"line":160,"column":65}}],"line":160},"8":{"loc":{"start":{"line":168,"column":26},"end":{"line":168,"column":43}},"type":"binary-expr","locations":[{"start":{"line":168,"column":26},"end":{"line":168,"column":33}},{"start":{"line":168,"column":37},"end":{"line":168,"column":43}}],"line":168}},"s":{"0":6,"1":6,"2":41,"3":41,"4":41,"5":41,"6":41,"7":41,"8":12,"9":12,"10":12,"11":12,"12":12,"13":1,"14":1,"15":11,"16":0,"17":12,"18":12,"19":12,"20":1,"21":1,"22":12,"23":12,"24":12,"25":41,"26":2,"27":2,"28":2,"29":2,"30":1,"31":1,"32":1,"33":1,"34":2,"35":41,"36":5,"37":5,"38":5,"39":5,"40":4,"41":4,"42":4,"43":4,"44":1,"45":1,"46":1,"47":1,"48":5,"49":41,"50":2,"51":2,"52":2,"53":2,"54":2,"55":1,"56":41,"57":0,"58":0,"59":0,"60":0,"61":0,"62":0,"63":0,"64":0,"65":0,"66":0,"67":0,"68":0,"69":41,"70":0,"71":0,"72":0,"73":0,"74":0,"75":0,"76":0,"77":0,"78":0,"79":41,"80":0,"81":0,"82":0,"83":0,"84":0,"85":0,"86":0,"87":0,"88":0,"89":41,"90":0,"91":0,"92":0,"93":0,"94":0,"95":0,"96":0,"97":0,"98":0,"99":41,"100":41,"101":41,"102":6},"f":{"0":41,"1":12,"2":12,"3":1,"4":12,"5":2,"6":5,"7":2,"8":0,"9":0,"10":0,"11":0},"b":{"0":[1,11],"1":[12,2,2],"2":[1,0],"3":[1,0],"4":[0,0],"5":[0,0],"6":[0,0],"7":[0,0],"8":[41,5]},"_coverageSchema":"1a1c01bbd47fc00a2c39e90264f33305004495a9","hash":"4bd15f0f6a59e994bde3b4d69f95e23d432d169b"}
,"D:\\Aterna\\src\\pages\\AlertHistory.jsx": {"path":"D:\\Aterna\\src\\pages\\AlertHistory.jsx","statementMap":{"0":{"start":{"line":13,"column":18},"end":{"line":13,"column":20}},"1":{"start":{"line":15,"column":20},"end":{"line":22,"column":1}},"2":{"start":{"line":16,"column":36},"end":{"line":16,"column":51}},"3":{"start":{"line":17,"column":2},"end":{"line":20,"column":21}},"4":{"start":{"line":18,"column":18},"end":{"line":18,"column":62}},"5":{"start":{"line":18,"column":35},"end":{"line":18,"column":54}},"6":{"start":{"line":19,"column":4},"end":{"line":19,"column":37}},"7":{"start":{"line":19,"column":17},"end":{"line":19,"column":36}},"8":{"start":{"line":21,"column":2},"end":{"line":21,"column":19}},"9":{"start":{"line":24,"column":23},"end":{"line":28,"column":1}},"10":{"start":{"line":30,"column":20},"end":{"line":40,"column":1}},"11":{"start":{"line":31,"column":2},"end":{"line":39,"column":8}},"12":{"start":{"line":42,"column":17},"end":{"line":66,"column":2}},"13":{"start":{"line":43,"column":2},"end":{"line":65,"column":11}},"14":{"start":{"line":45,"column":19},"end":{"line":45,"column":34}},"15":{"start":{"line":67,"column":0},"end":{"line":67,"column":34}},"16":{"start":{"line":69,"column":28},"end":{"line":346,"column":1}},"17":{"start":{"line":70,"column":16},"end":{"line":70,"column":26}},"18":{"start":{"line":71,"column":19},"end":{"line":71,"column":28}},"19":{"start":{"line":72,"column":42},"end":{"line":72,"column":59}},"20":{"start":{"line":74,"column":26},"end":{"line":74,"column":73}},"21":{"start":{"line":75,"column":36},"end":{"line":75,"column":73}},"22":{"start":{"line":76,"column":44},"end":{"line":76,"column":58}},"23":{"start":{"line":77,"column":44},"end":{"line":77,"column":58}},"24":{"start":{"line":78,"column":40},"end":{"line":78,"column":55}},"25":{"start":{"line":79,"column":40},"end":{"line":79,"column":52}},"26":{"start":{"line":81,"column":26},"end":{"line":81,"column":53}},"27":{"start":{"line":82,"column":19},"end":{"line":82,"column":53}},"28":{"start":{"line":83,"column":17},"end":{"line":83,"column":49}},"29":{"start":{"line":84,"column":17},"end":{"line":84,"column":49}},"30":{"start":{"line":85,"column":19},"end":{"line":85,"column":53}},"31":{"start":{"line":86,"column":17},"end":{"line":86,"column":49}},"32":{"start":{"line":88,"column":2},"end":{"line":93,"column":30}},"33":{"start":{"line":89,"column":17},"end":{"line":89,"column":50}},"34":{"start":{"line":90,"column":4},"end":{"line":90,"column":79}},"35":{"start":{"line":90,"column":25},"end":{"line":90,"column":56}},"36":{"start":{"line":90,"column":62},"end":{"line":90,"column":79}},"37":{"start":{"line":91,"column":4},"end":{"line":91,"column":35}},"38":{"start":{"line":92,"column":4},"end":{"line":92,"column":45}},"39":{"start":{"line":95,"column":18},"end":{"line":105,"column":3}},"40":{"start":{"line":96,"column":11},"end":{"line":103,"column":5}},"41":{"start":{"line":107,"column":21},"end":{"line":107,"column":99}},"42":{"start":{"line":109,"column":60},"end":{"line":113,"column":4}},"43":{"start":{"line":115,"column":31},"end":{"line":115,"column":46}},"44":{"start":{"line":116,"column":30},"end":{"line":116,"column":47}},"45":{"start":{"line":118,"column":17},"end":{"line":118,"column":34}},"46":{"start":{"line":119,"column":16},"end":{"line":119,"column":32}},"47":{"start":{"line":120,"column":21},"end":{"line":120,"column":42}},"48":{"start":{"line":122,"column":19},"end":{"line":128,"column":37}},"49":{"start":{"line":123,"column":17},"end":{"line":123,"column":50}},"50":{"start":{"line":124,"column":4},"end":{"line":124,"column":59}},"51":{"start":{"line":124,"column":15},"end":{"line":124,"column":36}},"52":{"start":{"line":124,"column":42},"end":{"line":124,"column":59}},"53":{"start":{"line":125,"column":4},"end":{"line":125,"column":26}},"54":{"start":{"line":126,"column":4},"end":{"line":126,"column":15}},"55":{"start":{"line":127,"column":4},"end":{"line":127,"column":45}},"56":{"start":{"line":130,"column":23},"end":{"line":134,"column":23}},"57":{"start":{"line":131,"column":4},"end":{"line":131,"column":21}},"58":{"start":{"line":132,"column":4},"end":{"line":132,"column":15}},"59":{"start":{"line":133,"column":4},"end":{"line":133,"column":54}},"60":{"start":{"line":136,"column":23},"end":{"line":140,"column":24}},"61":{"start":{"line":137,"column":4},"end":{"line":137,"column":28}},"62":{"start":{"line":138,"column":4},"end":{"line":138,"column":65}},"63":{"start":{"line":138,"column":45},"end":{"line":138,"column":62}},"64":{"start":{"line":139,"column":4},"end":{"line":139,"column":23}},"65":{"start":{"line":142,"column":20},"end":{"line":150,"column":39}},"66":{"start":{"line":143,"column":4},"end":{"line":143,"column":39}},"67":{"start":{"line":143,"column":32},"end":{"line":143,"column":39}},"68":{"start":{"line":144,"column":17},"end":{"line":144,"column":36}},"69":{"start":{"line":145,"column":4},"end":{"line":145,"column":50}},"70":{"start":{"line":145,"column":43},"end":{"line":145,"column":50}},"71":{"start":{"line":146,"column":19},"end":{"line":146,"column":31}},"72":{"start":{"line":147,"column":4},"end":{"line":147,"column":29}},"73":{"start":{"line":148,"column":4},"end":{"line":148,"column":27}},"74":{"start":{"line":149,"column":4},"end":{"line":149,"column":24}},"75":{"start":{"line":152,"column":24},"end":{"line":158,"column":22}},"76":{"start":{"line":153,"column":4},"end":{"line":156,"column":7}},"77":{"start":{"line":154,"column":23},"end":{"line":154,"column":55}},"78":{"start":{"line":155,"column":21},"end":{"line":155,"column":59}},"79":{"start":{"line":157,"column":4},"end":{"line":157,"column":27}},"80":{"start":{"line":160,"column":25},"end":{"line":176,"column":36}},"81":{"start":{"line":161,"column":4},"end":{"line":161,"column":26}},"82":{"start":{"line":161,"column":19},"end":{"line":161,"column":26}},"83":{"start":{"line":162,"column":4},"end":{"line":162,"column":48}},"84":{"start":{"line":162,"column":41},"end":{"line":162,"column":48}},"85":{"start":{"line":164,"column":4},"end":{"line":175,"column":5}},"86":{"start":{"line":165,"column":6},"end":{"line":170,"column":9}},"87":{"start":{"line":171,"column":6},"end":{"line":171,"column":78}},"88":{"start":{"line":171,"column":32},"end":{"line":171,"column":75}},"89":{"start":{"line":172,"column":6},"end":{"line":172,"column":42}},"90":{"start":{"line":174,"column":6},"end":{"line":174,"column":66}},"91":{"start":{"line":178,"column":26},"end":{"line":215,"column":22}},"92":{"start":{"line":179,"column":4},"end":{"line":214,"column":5}},"93":{"start":{"line":180,"column":6},"end":{"line":180,"column":27}},"94":{"start":{"line":181,"column":25},"end":{"line":181,"column":96}},"95":{"start":{"line":182,"column":19},"end":{"line":182,"column":41}},"96":{"start":{"line":184,"column":22},"end":{"line":184,"column":92}},"97":{"start":{"line":185,"column":24},"end":{"line":185,"column":81}},"98":{"start":{"line":185,"column":35},"end":{"line":185,"column":81}},"99":{"start":{"line":186,"column":23},"end":{"line":186,"column":42}},"100":{"start":{"line":188,"column":6},"end":{"line":198,"column":9}},"101":{"start":{"line":189,"column":8},"end":{"line":197,"column":21}},"102":{"start":{"line":200,"column":19},"end":{"line":200,"column":87}},"103":{"start":{"line":201,"column":18},"end":{"line":201,"column":43}},"104":{"start":{"line":202,"column":19},"end":{"line":202,"column":46}},"105":{"start":{"line":203,"column":6},"end":{"line":203,"column":22}},"106":{"start":{"line":204,"column":6},"end":{"line":204,"column":91}},"107":{"start":{"line":205,"column":6},"end":{"line":205,"column":38}},"108":{"start":{"line":206,"column":6},"end":{"line":206,"column":19}},"109":{"start":{"line":207,"column":6},"end":{"line":207,"column":20}},"110":{"start":{"line":208,"column":6},"end":{"line":208,"column":31}},"111":{"start":{"line":209,"column":6},"end":{"line":209,"column":36}},"112":{"start":{"line":211,"column":6},"end":{"line":211,"column":42}},"113":{"start":{"line":213,"column":6},"end":{"line":213,"column":28}},"114":{"start":{"line":217,"column":2},"end":{"line":345,"column":4}},"115":{"start":{"line":229,"column":37},"end":{"line":229,"column":46}},"116":{"start":{"line":245,"column":95},"end":{"line":245,"column":123}},"117":{"start":{"line":246,"column":49},"end":{"line":246,"column":65}},"118":{"start":{"line":249,"column":63},"end":{"line":249,"column":99}},"119":{"start":{"line":250,"column":61},"end":{"line":250,"column":95}},"120":{"start":{"line":252,"column":94},"end":{"line":252,"column":128}},"121":{"start":{"line":255,"column":54},"end":{"line":255,"column":90}},"122":{"start":{"line":261,"column":52},"end":{"line":261,"column":86}},"123":{"start":{"line":284,"column":56},"end":{"line":284,"column":83}},"124":{"start":{"line":288,"column":37},"end":{"line":288,"column":46}},"125":{"start":{"line":296,"column":34},"end":{"line":296,"column":99}},"126":{"start":{"line":305,"column":33},"end":{"line":305,"column":54}},"127":{"start":{"line":306,"column":16},"end":{"line":306,"column":34}},"128":{"start":{"line":307,"column":29},"end":{"line":307,"column":62}},"129":{"start":{"line":308,"column":16},"end":{"line":308,"column":51}},"130":{"start":{"line":309,"column":16},"end":{"line":309,"column":57}},"131":{"start":{"line":318,"column":33},"end":{"line":318,"column":63}},"132":{"start":{"line":319,"column":16},"end":{"line":319,"column":34}},"133":{"start":{"line":320,"column":29},"end":{"line":320,"column":62}},"134":{"start":{"line":321,"column":16},"end":{"line":321,"column":51}},"135":{"start":{"line":322,"column":16},"end":{"line":322,"column":57}},"136":{"start":{"line":336,"column":23},"end":{"line":336,"column":45}},"137":{"start":{"line":337,"column":30},"end":{"line":337,"column":42}},"138":{"start":{"line":339,"column":42},"end":{"line":339,"column":55}},"139":{"start":{"line":340,"column":84},"end":{"line":340,"column":96}}},"fnMap":{"0":{"name":"(anonymous_0)","decl":{"start":{"line":15,"column":20},"end":{"line":15,"column":21}},"loc":{"start":{"line":15,"column":44},"end":{"line":22,"column":1}},"line":15},"1":{"name":"(anonymous_1)","decl":{"start":{"line":17,"column":12},"end":{"line":17,"column":13}},"loc":{"start":{"line":17,"column":18},"end":{"line":20,"column":3}},"line":17},"2":{"name":"(anonymous_2)","decl":{"start":{"line":18,"column":29},"end":{"line":18,"column":30}},"loc":{"start":{"line":18,"column":35},"end":{"line":18,"column":54}},"line":18},"3":{"name":"(anonymous_3)","decl":{"start":{"line":19,"column":11},"end":{"line":19,"column":12}},"loc":{"start":{"line":19,"column":17},"end":{"line":19,"column":36}},"line":19},"4":{"name":"(anonymous_4)","decl":{"start":{"line":30,"column":20},"end":{"line":30,"column":21}},"loc":{"start":{"line":31,"column":2},"end":{"line":39,"column":8}},"line":31},"5":{"name":"(anonymous_5)","decl":{"start":{"line":42,"column":28},"end":{"line":42,"column":29}},"loc":{"start":{"line":43,"column":2},"end":{"line":65,"column":11}},"line":43},"6":{"name":"(anonymous_6)","decl":{"start":{"line":45,"column":13},"end":{"line":45,"column":14}},"loc":{"start":{"line":45,"column":19},"end":{"line":45,"column":34}},"line":45},"7":{"name":"(anonymous_7)","decl":{"start":{"line":69,"column":28},"end":{"line":69,"column":29}},"loc":{"start":{"line":69,"column":34},"end":{"line":346,"column":1}},"line":69},"8":{"name":"(anonymous_8)","decl":{"start":{"line":88,"column":12},"end":{"line":88,"column":13}},"loc":{"start":{"line":88,"column":18},"end":{"line":93,"column":3}},"line":88},"9":{"name":"(anonymous_9)","decl":{"start":{"line":96,"column":4},"end":{"line":96,"column":5}},"loc":{"start":{"line":96,"column":11},"end":{"line":103,"column":5}},"line":96},"10":{"name":"(anonymous_10)","decl":{"start":{"line":122,"column":31},"end":{"line":122,"column":32}},"loc":{"start":{"line":122,"column":47},"end":{"line":128,"column":3}},"line":122},"11":{"name":"(anonymous_11)","decl":{"start":{"line":130,"column":35},"end":{"line":130,"column":36}},"loc":{"start":{"line":130,"column":41},"end":{"line":134,"column":3}},"line":130},"12":{"name":"(anonymous_12)","decl":{"start":{"line":136,"column":35},"end":{"line":136,"column":36}},"loc":{"start":{"line":136,"column":46},"end":{"line":140,"column":3}},"line":136},"13":{"name":"(anonymous_13)","decl":{"start":{"line":138,"column":38},"end":{"line":138,"column":39}},"loc":{"start":{"line":138,"column":45},"end":{"line":138,"column":62}},"line":138},"14":{"name":"(anonymous_14)","decl":{"start":{"line":142,"column":32},"end":{"line":142,"column":33}},"loc":{"start":{"line":142,"column":41},"end":{"line":150,"column":3}},"line":142},"15":{"name":"(anonymous_15)","decl":{"start":{"line":152,"column":36},"end":{"line":152,"column":37}},"loc":{"start":{"line":152,"column":44},"end":{"line":158,"column":3}},"line":152},"16":{"name":"(anonymous_16)","decl":{"start":{"line":154,"column":17},"end":{"line":154,"column":18}},"loc":{"start":{"line":154,"column":23},"end":{"line":154,"column":55}},"line":154},"17":{"name":"(anonymous_17)","decl":{"start":{"line":155,"column":15},"end":{"line":155,"column":16}},"loc":{"start":{"line":155,"column":21},"end":{"line":155,"column":59}},"line":155},"18":{"name":"(anonymous_18)","decl":{"start":{"line":160,"column":37},"end":{"line":160,"column":38}},"loc":{"start":{"line":160,"column":81},"end":{"line":176,"column":3}},"line":160},"19":{"name":"(anonymous_19)","decl":{"start":{"line":171,"column":21},"end":{"line":171,"column":22}},"loc":{"start":{"line":171,"column":32},"end":{"line":171,"column":75}},"line":171},"20":{"name":"(anonymous_20)","decl":{"start":{"line":178,"column":38},"end":{"line":178,"column":39}},"loc":{"start":{"line":178,"column":50},"end":{"line":215,"column":3}},"line":178},"21":{"name":"(anonymous_21)","decl":{"start":{"line":185,"column":24},"end":{"line":185,"column":25}},"loc":{"start":{"line":185,"column":35},"end":{"line":185,"column":81}},"line":185},"22":{"name":"(anonymous_22)","decl":{"start":{"line":188,"column":19},"end":{"line":188,"column":20}},"loc":{"start":{"line":188,"column":28},"end":{"line":198,"column":7}},"line":188},"23":{"name":"(anonymous_23)","decl":{"start":{"line":229,"column":31},"end":{"line":229,"column":32}},"loc":{"start":{"line":229,"column":37},"end":{"line":229,"column":46}},"line":229},"24":{"name":"(anonymous_24)","decl":{"start":{"line":245,"column":88},"end":{"line":245,"column":89}},"loc":{"start":{"line":245,"column":95},"end":{"line":245,"column":123}},"line":245},"25":{"name":"(anonymous_25)","decl":{"start":{"line":246,"column":43},"end":{"line":246,"column":44}},"loc":{"start":{"line":246,"column":49},"end":{"line":246,"column":65}},"line":246},"26":{"name":"(anonymous_26)","decl":{"start":{"line":249,"column":56},"end":{"line":249,"column":57}},"loc":{"start":{"line":249,"column":63},"end":{"line":249,"column":99}},"line":249},"27":{"name":"(anonymous_27)","decl":{"start":{"line":250,"column":54},"end":{"line":250,"column":55}},"loc":{"start":{"line":250,"column":61},"end":{"line":250,"column":95}},"line":250},"28":{"name":"(anonymous_28)","decl":{"start":{"line":252,"column":87},"end":{"line":252,"column":88}},"loc":{"start":{"line":252,"column":94},"end":{"line":252,"column":128}},"line":252},"29":{"name":"(anonymous_29)","decl":{"start":{"line":255,"column":47},"end":{"line":255,"column":48}},"loc":{"start":{"line":255,"column":54},"end":{"line":255,"column":90}},"line":255},"30":{"name":"(anonymous_30)","decl":{"start":{"line":261,"column":45},"end":{"line":261,"column":46}},"loc":{"start":{"line":261,"column":52},"end":{"line":261,"column":86}},"line":261},"31":{"name":"(anonymous_31)","decl":{"start":{"line":284,"column":42},"end":{"line":284,"column":43}},"loc":{"start":{"line":284,"column":56},"end":{"line":284,"column":83}},"line":284},"32":{"name":"(anonymous_32)","decl":{"start":{"line":288,"column":31},"end":{"line":288,"column":32}},"loc":{"start":{"line":288,"column":37},"end":{"line":288,"column":46}},"line":288},"33":{"name":"(anonymous_33)","decl":{"start":{"line":296,"column":23},"end":{"line":296,"column":24}},"loc":{"start":{"line":296,"column":34},"end":{"line":296,"column":99}},"line":296},"34":{"name":"(anonymous_34)","decl":{"start":{"line":304,"column":23},"end":{"line":304,"column":24}},"loc":{"start":{"line":304,"column":29},"end":{"line":310,"column":15}},"line":304},"35":{"name":"(anonymous_35)","decl":{"start":{"line":317,"column":23},"end":{"line":317,"column":24}},"loc":{"start":{"line":317,"column":29},"end":{"line":323,"column":15}},"line":317},"36":{"name":"(anonymous_36)","decl":{"start":{"line":336,"column":17},"end":{"line":336,"column":18}},"loc":{"start":{"line":336,"column":23},"end":{"line":336,"column":45}},"line":336},"37":{"name":"(anonymous_37)","decl":{"start":{"line":337,"column":22},"end":{"line":337,"column":23}},"loc":{"start":{"line":337,"column":30},"end":{"line":337,"column":42}},"line":337},"38":{"name":"(anonymous_38)","decl":{"start":{"line":339,"column":36},"end":{"line":339,"column":37}},"loc":{"start":{"line":339,"column":42},"end":{"line":339,"column":55}},"line":339},"39":{"name":"(anonymous_39)","decl":{"start":{"line":340,"column":78},"end":{"line":340,"column":79}},"loc":{"start":{"line":340,"column":84},"end":{"line":340,"column":96}},"line":340}},"branchMap":{"0":{"loc":{"start":{"line":15,"column":28},"end":{"line":15,"column":39}},"type":"default-arg","locations":[{"start":{"line":15,"column":36},"end":{"line":15,"column":39}}],"line":15},"1":{"loc":{"start":{"line":47,"column":6},"end":{"line":47,"column":64}},"type":"cond-expr","locations":[{"start":{"line":47,"column":31},"end":{"line":47,"column":45}},{"start":{"line":47,"column":48},"end":{"line":47,"column":64}}],"line":47},"2":{"loc":{"start":{"line":50,"column":76},"end":{"line":50,"column":134}},"type":"cond-expr","locations":[{"start":{"line":50,"column":101},"end":{"line":50,"column":117}},{"start":{"line":50,"column":120},"end":{"line":50,"column":134}}],"line":50},"3":{"loc":{"start":{"line":52,"column":40},"end":{"line":52,"column":122}},"type":"cond-expr","locations":[{"start":{"line":52,"column":65},"end":{"line":52,"column":91}},{"start":{"line":52,"column":94},"end":{"line":52,"column":122}}],"line":52},"4":{"loc":{"start":{"line":55,"column":61},"end":{"line":55,"column":102}},"type":"binary-expr","locations":[{"start":{"line":55,"column":61},"end":{"line":55,"column":74}},{"start":{"line":55,"column":78},"end":{"line":55,"column":95}},{"start":{"line":55,"column":99},"end":{"line":55,"column":102}}],"line":55},"5":{"loc":{"start":{"line":58,"column":111},"end":{"line":58,"column":163}},"type":"binary-expr","locations":[{"start":{"line":58,"column":111},"end":{"line":58,"column":141}},{"start":{"line":58,"column":145},"end":{"line":58,"column":163}}],"line":58},"6":{"loc":{"start":{"line":63,"column":67},"end":{"line":63,"column":101}},"type":"binary-expr","locations":[{"start":{"line":63,"column":67},"end":{"line":63,"column":82}},{"start":{"line":63,"column":86},"end":{"line":63,"column":101}}],"line":63},"7":{"loc":{"start":{"line":74,"column":42},"end":{"line":74,"column":71}},"type":"binary-expr","locations":[{"start":{"line":74,"column":42},"end":{"line":74,"column":66}},{"start":{"line":74,"column":70},"end":{"line":74,"column":71}}],"line":74},"8":{"loc":{"start":{"line":75,"column":45},"end":{"line":75,"column":72}},"type":"binary-expr","locations":[{"start":{"line":75,"column":45},"end":{"line":75,"column":66}},{"start":{"line":75,"column":70},"end":{"line":75,"column":72}}],"line":75},"9":{"loc":{"start":{"line":82,"column":19},"end":{"line":82,"column":53}},"type":"binary-expr","locations":[{"start":{"line":82,"column":19},"end":{"line":82,"column":47}},{"start":{"line":82,"column":51},"end":{"line":82,"column":53}}],"line":82},"10":{"loc":{"start":{"line":83,"column":17},"end":{"line":83,"column":49}},"type":"binary-expr","locations":[{"start":{"line":83,"column":17},"end":{"line":83,"column":43}},{"start":{"line":83,"column":47},"end":{"line":83,"column":49}}],"line":83},"11":{"loc":{"start":{"line":84,"column":17},"end":{"line":84,"column":49}},"type":"binary-expr","locations":[{"start":{"line":84,"column":17},"end":{"line":84,"column":43}},{"start":{"line":84,"column":47},"end":{"line":84,"column":49}}],"line":84},"12":{"loc":{"start":{"line":85,"column":19},"end":{"line":85,"column":53}},"type":"binary-expr","locations":[{"start":{"line":85,"column":19},"end":{"line":85,"column":47}},{"start":{"line":85,"column":51},"end":{"line":85,"column":53}}],"line":85},"13":{"loc":{"start":{"line":86,"column":17},"end":{"line":86,"column":49}},"type":"binary-expr","locations":[{"start":{"line":86,"column":17},"end":{"line":86,"column":43}},{"start":{"line":86,"column":47},"end":{"line":86,"column":49}}],"line":86},"14":{"loc":{"start":{"line":90,"column":4},"end":{"line":90,"column":79}},"type":"if","locations":[{"start":{"line":90,"column":4},"end":{"line":90,"column":79}},{"start":{"line":90,"column":62},"end":{"line":90,"column":79}}],"line":90},"15":{"loc":{"start":{"line":97,"column":10},"end":{"line":97,"column":55}},"type":"cond-expr","locations":[{"start":{"line":97,"column":28},"end":{"line":97,"column":50}},{"start":{"line":97,"column":53},"end":{"line":97,"column":55}}],"line":97},"16":{"loc":{"start":{"line":98,"column":10},"end":{"line":98,"column":38}},"type":"cond-expr","locations":[{"start":{"line":98,"column":21},"end":{"line":98,"column":33}},{"start":{"line":98,"column":36},"end":{"line":98,"column":38}}],"line":98},"17":{"loc":{"start":{"line":99,"column":10},"end":{"line":99,"column":34}},"type":"cond-expr","locations":[{"start":{"line":99,"column":19},"end":{"line":99,"column":29}},{"start":{"line":99,"column":32},"end":{"line":99,"column":34}}],"line":99},"18":{"loc":{"start":{"line":100,"column":10},"end":{"line":100,"column":34}},"type":"cond-expr","locations":[{"start":{"line":100,"column":19},"end":{"line":100,"column":29}},{"start":{"line":100,"column":32},"end":{"line":100,"column":34}}],"line":100},"19":{"loc":{"start":{"line":101,"column":10},"end":{"line":101,"column":38}},"type":"cond-expr","locations":[{"start":{"line":101,"column":21},"end":{"line":101,"column":33}},{"start":{"line":101,"column":36},"end":{"line":101,"column":38}}],"line":101},"20":{"loc":{"start":{"line":102,"column":10},"end":{"line":102,"column":34}},"type":"cond-expr","locations":[{"start":{"line":102,"column":19},"end":{"line":102,"column":29}},{"start":{"line":102,"column":32},"end":{"line":102,"column":34}}],"line":102},"21":{"loc":{"start":{"line":107,"column":29},"end":{"line":107,"column":98}},"type":"binary-expr","locations":[{"start":{"line":107,"column":29},"end":{"line":107,"column":44}},{"start":{"line":107,"column":48},"end":{"line":107,"column":56}},{"start":{"line":107,"column":60},"end":{"line":107,"column":66}},{"start":{"line":107,"column":70},"end":{"line":107,"column":76}},{"start":{"line":107,"column":80},"end":{"line":107,"column":88}},{"start":{"line":107,"column":92},"end":{"line":107,"column":98}}],"line":107},"22":{"loc":{"start":{"line":118,"column":17},"end":{"line":118,"column":34}},"type":"binary-expr","locations":[{"start":{"line":118,"column":17},"end":{"line":118,"column":28}},{"start":{"line":118,"column":32},"end":{"line":118,"column":34}}],"line":118},"23":{"loc":{"start":{"line":119,"column":16},"end":{"line":119,"column":32}},"type":"binary-expr","locations":[{"start":{"line":119,"column":16},"end":{"line":119,"column":27}},{"start":{"line":119,"column":31},"end":{"line":119,"column":32}}],"line":119},"24":{"loc":{"start":{"line":120,"column":21},"end":{"line":120,"column":42}},"type":"binary-expr","locations":[{"start":{"line":120,"column":21},"end":{"line":120,"column":37}},{"start":{"line":120,"column":41},"end":{"line":120,"column":42}}],"line":120},"25":{"loc":{"start":{"line":124,"column":4},"end":{"line":124,"column":59}},"type":"if","locations":[{"start":{"line":124,"column":4},"end":{"line":124,"column":59}},{"start":{"line":124,"column":42},"end":{"line":124,"column":59}}],"line":124},"26":{"loc":{"start":{"line":143,"column":4},"end":{"line":143,"column":39}},"type":"if","locations":[{"start":{"line":143,"column":4},"end":{"line":143,"column":39}},{"start":{},"end":{}}],"line":143},"27":{"loc":{"start":{"line":145,"column":4},"end":{"line":145,"column":50}},"type":"if","locations":[{"start":{"line":145,"column":4},"end":{"line":145,"column":50}},{"start":{},"end":{}}],"line":145},"28":{"loc":{"start":{"line":145,"column":8},"end":{"line":145,"column":41}},"type":"binary-expr","locations":[{"start":{"line":145,"column":8},"end":{"line":145,"column":16}},{"start":{"line":145,"column":20},"end":{"line":145,"column":41}}],"line":145},"29":{"loc":{"start":{"line":160,"column":64},"end":{"line":160,"column":76}},"type":"default-arg","locations":[{"start":{"line":160,"column":74},"end":{"line":160,"column":76}}],"line":160},"30":{"loc":{"start":{"line":161,"column":4},"end":{"line":161,"column":26}},"type":"if","locations"
[...]
8,"column":59},"end":{"line":64,"column":1}},"line":58},"6":{"name":"(anonymous_6)","decl":{"start":{"line":66,"column":32},"end":{"line":66,"column":33}},"loc":{"start":{"line":66,"column":57},"end":{"line":69,"column":1}},"line":66},"7":{"name":"(anonymous_7)","decl":{"start":{"line":72,"column":29},"end":{"line":72,"column":30}},"loc":{"start":{"line":72,"column":40},"end":{"line":75,"column":1}},"line":72},"8":{"name":"(anonymous_8)","decl":{"start":{"line":77,"column":32},"end":{"line":77,"column":33}},"loc":{"start":{"line":77,"column":46},"end":{"line":80,"column":1}},"line":77},"9":{"name":"(anonymous_9)","decl":{"start":{"line":82,"column":27},"end":{"line":82,"column":28}},"loc":{"start":{"line":82,"column":36},"end":{"line":89,"column":1}},"line":82},"10":{"name":"(anonymous_10)","decl":{"start":{"line":92,"column":26},"end":{"line":92,"column":27}},"loc":{"start":{"line":92,"column":35},"end":{"line":95,"column":1}},"line":92},"11":{"name":"(anonymous_11)","decl":{"start":{"line":97,"column":24},"end":{"line":97,"column":25}},"loc":{"start":{"line":97,"column":46},"end":{"line":100,"column":1}},"line":97},"12":{"name":"(anonymous_12)","decl":{"start":{"line":102,"column":29},"end":{"line":102,"column":30}},"loc":{"start":{"line":102,"column":46},"end":{"line":106,"column":1}},"line":102},"13":{"name":"(anonymous_13)","decl":{"start":{"line":108,"column":23},"end":{"line":108,"column":24}},"loc":{"start":{"line":108,"column":32},"end":{"line":116,"column":1}},"line":108},"14":{"name":"(anonymous_14)","decl":{"start":{"line":119,"column":23},"end":{"line":119,"column":24}},"loc":{"start":{"line":119,"column":39},"end":{"line":128,"column":1}},"line":119},"15":{"name":"(anonymous_15)","decl":{"start":{"line":120,"column":22},"end":{"line":120,"column":23}},"loc":{"start":{"line":120,"column":40},"end":{"line":127,"column":3}},"line":120},"16":{"name":"(anonymous_16)","decl":{"start":{"line":130,"column":22},"end":{"line":130,"column":23}},"loc":{"start":{"line":130,"column":53},"end":{"line":138,"column":1}},"line":130},"17":{"name":"(anonymous_17)","decl":{"start":{"line":131,"column":25},"end":{"line":131,"column":26}},"loc":{"start":{"line":131,"column":35},"end":{"line":137,"column":3}},"line":131},"18":{"name":"(anonymous_18)","decl":{"start":{"line":140,"column":27},"end":{"line":140,"column":28}},"loc":{"start":{"line":140,"column":49},"end":{"line":142,"column":1}},"line":140},"19":{"name":"(anonymous_19)","decl":{"start":{"line":144,"column":24},"end":{"line":144,"column":25}},"loc":{"start":{"line":144,"column":39},"end":{"line":146,"column":1}},"line":144},"20":{"name":"(anonymous_20)","decl":{"start":{"line":145,"column":20},"end":{"line":145,"column":21}},"loc":{"start":{"line":145,"column":30},"end":{"line":145,"column":44}},"line":145},"21":{"name":"(anonymous_21)","decl":{"start":{"line":148,"column":24},"end":{"line":148,"column":25}},"loc":{"start":{"line":148,"column":40},"end":{"line":158,"column":1}},"line":148},"22":{"name":"(anonymous_22)","decl":{"start":{"line":150,"column":22},"end":{"line":150,"column":23}},"loc":{"start":{"line":150,"column":32},"end":{"line":157,"column":3}},"line":150},"23":{"name":"(anonymous_23)","decl":{"start":{"line":161,"column":20},"end":{"line":161,"column":21}},"loc":{"start":{"line":161,"column":35},"end":{"line":169,"column":1}},"line":161},"24":{"name":"(anonymous_24)","decl":{"start":{"line":163,"column":15},"end":{"line":163,"column":16}},"loc":{"start":{"line":163,"column":24},"end":{"line":167,"column":3}},"line":163},"25":{"name":"(anonymous_25)","decl":{"start":{"line":171,"column":20},"end":{"line":171,"column":21}},"loc":{"start":{"line":171,"column":35},"end":{"line":177,"column":1}},"line":171},"26":{"name":"(anonymous_26)","decl":{"start":{"line":173,"column":15},"end":{"line":173,"column":16}},"loc":{"start":{"line":173,"column":24},"end":{"line":175,"column":3}},"line":173},"27":{"name":"(anonymous_27)","decl":{"start":{"line":179,"column":21},"end":{"line":179,"column":22}},"loc":{"start":{"line":179,"column":37},"end":{"line":181,"column":1}},"line":179},"28":{"name":"(anonymous_28)","decl":{"start":{"line":183,"column":23},"end":{"line":183,"column":24}},"loc":{"start":{"line":183,"column":32},"end":{"line":185,"column":1}},"line":183},"29":{"name":"(anonymous_29)","decl":{"start":{"line":188,"column":31},"end":{"line":188,"column":32}},"loc":{"start":{"line":188,"column":47},"end":{"line":194,"column":1}},"line":188},"30":{"name":"(anonymous_30)","decl":{"start":{"line":196,"column":31},"end":{"line":196,"column":32}},"loc":{"start":{"line":196,"column":40},"end":{"line":204,"column":1}},"line":196},"31":{"name":"(anonymous_31)","decl":{"start":{"line":206,"column":34},"end":{"line":206,"column":35}},"loc":{"start":{"line":206,"column":43},"end":{"line":212,"column":1}},"line":206},"32":{"name":"(anonymous_32)","decl":{"start":{"line":215,"column":24},"end":{"line":215,"column":25}},"loc":{"start":{"line":215,"column":41},"end":{"line":221,"column":1}},"line":215},"33":{"name":"(anonymous_33)","decl":{"start":{"line":217,"column":9},"end":{"line":217,"column":10}},"loc":{"start":{"line":217,"column":28},"end":{"line":220,"column":3}},"line":217},"34":{"name":"(anonymous_34)","decl":{"start":{"line":219,"column":27},"end":{"line":219,"column":28}},"loc":{"start":{"line":219,"column":33},"end":{"line":219,"column":46}},"line":219},"35":{"name":"(anonymous_35)","decl":{"start":{"line":223,"column":24},"end":{"line":223,"column":25}},"loc":{"start":{"line":223,"column":41},"end":{"line":232,"column":1}},"line":223},"36":{"name":"(anonymous_36)","decl":{"start":{"line":225,"column":9},"end":{"line":225,"column":10}},"loc":{"start":{"line":225,"column":28},"end":{"line":231,"column":3}},"line":225},"37":{"name":"(anonymous_37)","decl":{"start":{"line":229,"column":17},"end":{"line":229,"column":18}},"loc":{"start":{"line":229,"column":24},"end":{"line":229,"column":42}},"line":229}},"branchMap":{"0":{"loc":{"start":{"line":3,"column":2},"end":{"line":3,"column":23}},"type":"if","locations":[{"start":{"line":3,"column":2},"end":{"line":3,"column":23}},{"start":{},"end":{}}],"line":3},"1":{"loc":{"start":{"line":12,"column":2},"end":{"line":12,"column":23}},"type":"if","locations":[{"start":{"line":12,"column":2},"end":{"line":12,"column":23}},{"start":{},"end":{}}],"line":12},"2":{"loc":{"start":{"line":23,"column":2},"end":{"line":23,"column":23}},"type":"if","locations":[{"start":{"line":23,"column":2},"end":{"line":23,"column":23}},{"start":{},"end":{}}],"line":23},"3":{"loc":{"start":{"line":32,"column":2},"end":{"line":32,"column":23}},"type":"if","locations":[{"start":{"line":32,"column":2},"end":{"line":32,"column":23}},{"start":{},"end":{}}],"line":32},"4":{"loc":{"start":{"line":36,"column":2},"end":{"line":36,"column":63}},"type":"if","locations":[{"start":{"line":36,"column":2},"end":{"line":36,"column":63}},{"start":{},"end":{}}],"line":36},"5":{"loc":{"start":{"line":39,"column":2},"end":{"line":39,"column":64}},"type":"if","locations":[{"start":{"line":39,"column":2},"end":{"line":39,"column":64}},{"start":{},"end":{}}],"line":39},"6":{"loc":{"start":{"line":42,"column":2},"end":{"line":42,"column":62}},"type":"if","locations":[{"start":{"line":42,"column":2},"end":{"line":42,"column":62}},{"start":{},"end":{}}],"line":42},"7":{"loc":{"start":{"line":45,"column":2},"end":{"line":45,"column":63}},"type":"if","locations":[{"start":{"line":45,"column":2},"end":{"line":45,"column":63}},{"start":{},"end":{}}],"line":45},"8":{"loc":{"start":{"line":48,"column":2},"end":{"line":48,"column":65}},"type":"if","locations":[{"start":{"line":48,"column":2},"end":{"line":48,"column":65}},{"start":{},"end":{}}],"line":48},"9":{"loc":{"start":{"line":54,"column":2},"end":{"line":54,"column":43}},"type":"if","locations":[{"start":{"line":54,"column":2},"end":{"line":54,"column":43}},{"start":{},"end":{}}],"line":54},"10":{"loc":{"start":{"line":58,"column":38},"end":{"line":58,"column":54}},"type":"default-arg","locations":[{"start":{"line":58,"column":49},"end":{"line":58,"column":54}}],"line":58},"11":{"loc":{"start":{"line":59,"column":2},"end":{"line":59,"column":43}},"type":"if","locations":[{"start":{"line":59,"column":2},"end":{"line":59,"column":43}},{"start":{},"end":{}}],"line":59},"12":{"loc":{"start":{"line":66,"column":40},"end":{"line":66,"column":52}},"type":"default-arg","locations":[{"start":{"line":66,"column":51},"end":{"line":66,"column":52}}],"line":66},"13":{"loc":{"start":{"line":67,"column":2},"end":{"line":67,"column":43}},"type":"if","locations":[{"start":{"line":67,"column":2},"end":{"line":67,"column":43}},{"start":{},"end":{}}],"line":67},"14":{"loc":{"start":{"line":93,"column":2},"end":{"line":93,"column":22}},"type":"if","locations":[{"start":{"line":93,"column":2},"end":{"line":93,"column":22}},{"start":{},"end":{}}],"line":93},"15":{"loc":{"start":{"line":97,"column":30},"end":{"line":97,"column":41}},"type":"default-arg","locations":[{"start":{"line":97,"column":39},"end":{"line":97,"column":41}}],"line":97},"16":{"loc":{"start":{"line":98,"column":2},"end":{"line":98,"column":22}},"type":"if","locations":[{"start":{"line":98,"column":2},"end":{"line":98,"column":22}},{"start":{},"end":{}}],"line":98},"17":{"loc":{"start":{"line":99,"column":9},"end":{"line":99,"column":69}},"type":"cond-expr","locations":[{"start":{"line":99,"column":31},"end":{"line":99,"column":63}},{"start":{"line":99,"column":66},"end":{"line":99,"column":69}}],"line":99},"18":{"loc":{"start":{"line":103,"column":2},"end":{"line":103,"column":35}},"type":"if","locations":[{"start":{"line":103,"column":2},"end":{"line":103,"column":35}},{"start":{},"end":{}}],"line":103},"19":{"loc":{"start":{"line":103,"column":6},"end":{"line":103,"column":21}},"type":"binary-expr","locations":[{"start":{"line":103,"column":6},"end":{"line":103,"column":12}},{"start":{"line":103,"column":16},"end":{"line":103,"column":21}}],"line":103},"20":{"loc":{"start":{"line":109,"column":2},"end":{"line":109,"column":22}},"type":"if","locations":[{"start":{"line":109,"column":2},"end":{"line":109,"column":22}},{"start":{},"end":{}}],"line":109},"21":{"loc":{"start":{"line":122,"column":4},"end":{"line":124,"column":5}},"type":"if","locations":[{"start":{"line":122,"column":4},"end":{"line":124,"column":5}},{"start":{},"end":{}}],"line":122},"22":{"loc":{"start":{"line":130,"column":35},"end":{"line":130,"column":48}},"type":"default-arg","locations":[{"start":{"line":130,"column":43},"end":{"line":130,"column":48}}],"line":130},"23":{"loc":{"start":{"line":132,"column":4},"end":{"line":136,"column":5}},"type":"if","locations":[{"start":{"line":132,"column":4},"end":{"line":136,"column":5}},{"start":{"line":134,"column":11},"end":{"line":136,"column":5}}],"line":132},"24":{"loc":{"start":{"line":133,"column":13},"end":{"line":133,"column":37}},"type":"cond-expr","locations":[{"start":{"line":133,"column":31},"end":{"line":133,"column":32}},{"start":{"line":133,"column":35},"end":{"line":133,"column":37}}],"line":133},"25":{"loc":{"start":{"line":135,"column":13},"end":{"line":135,"column":37}},"type":"cond-expr","locations":[{"start":{"line":135,"column":31},"end":{"line":135,"column":32}},{"start":{"line":135,"column":35},"end":{"line":135,"column":37}}],"line":135},"26":{"loc":{"start":{"line":152,"column":4},"end":{"line":154,"column":5}},"type":"if","locations":[{"start":{"line":152,"column":4},"end":{"line":154,"column":5}},{"start":{},"end":{}}],"line":152},"27":{"loc":{"start":{"line":164,"column":4},"end":{"line":166,"column":5}},"type":"if","locations":[{"start":{"line":164,"column":4},"end":{"line":166,"column":5}},{"start":{},"end":{}}],"line":164},"28":{"loc":{"start":{"line":199,"column":11},"end":{"line":199,"column":41}},"type":"cond-expr","locations":[{"start":{"line":199,"column":18},"end":{"line":199,"column":34}},{"start":{"line":199,"column":37},"end":{"line":199,"column":41}}],"line":199},"29":{"loc":{"start":{"line":226,"column":4},"end":{"line":230,"column":5}},"type":"if","locations":[{"start":{"line":226,"column":4},"end":{"line":230,"column":5}},{"start":{},"end":{}}],"line":226}},"s":{"0":4,"1":4,"2":3,"3":1,"4":4,"5":5,"6":2,"7":3,"8":4,"9":3,"10":2,"11":1,"12":4,"13":35,"14":2,"15":33,"16":33,"17":33,"18":0,"19":33,"20":33,"21":0,"22":33,"23":33,"24":0,"25":33,"26":33,"27":1,"28":32,"29":32,"30":31,"31":1,"32":4,"33":4,"34":2,"35":2,"36":4,"37":3,"38":1,"39":2,"40":4,"41":3,"42":1,"43":2,"44":4,"45":69,"46":69,"47":4,"48":4,"49":4,"50":4,"51":4,"52":4,"53":2,"54":2,"55":4,"56":4,"57":2,"58":2,"59":4,"60":4,"61":1,"62":3,"63":4,"64":5,"65":3,"66":2,"67":2,"68":4,"69":5,"70":2,"71":3,"72":4,"73":2,"74":3,"75":3,"76":2,"77":3,"78":3,"79":4,"80":3,"81":12,"82":8,"83":4,"84":4,"85":2,"86":4,"87":2,"88":4,"89":4,"90":1,"91":1,"92":3,"93":3,"94":1,"95":2,"96":2,"97":4,"98":2,"99":2,"100":4,"101":3,"102":2,"103":4,"104":2,"105":2,"106":2,"107":2,"108":4,"109":2,"110":4,"111":2,"112":4,"113":3,"114":3,"115":0,"116":4,"117":2,"118":2,"119":2,"120":0,"121":0,"122":4,"123":1,"124":1,"125":0,"126":4,"127":1,"128":3,"129":3,"130":1,"131":4,"132":3,"133":6,"134":4,"135":4,"136":4,"137":1},"f":{"0":4,"1":5,"2":3,"3":35,"4":4,"5":3,"6":3,"7":69,"8":4,"9":4,"10":4,"11":4,"12":5,"13":5,"14":2,"15":3,"16":3,"17":12,"18":2,"19":2,"20":4,"21":1,"22":3,"23":2,"24":4,"25":2,"26":2,"27":2,"28":2,"29":3,"30":2,"31":1,"32":1,"33":3,"34":1,"35":3,"36":6,"37":1},"b":{"0":[3,1],"1":[2,3],"2":[2,1],"3":[2,33],"4":[0,33],"5":[0,33],"6":[0,33],"7":[1,32],"8":[31,1],"9":[2,2],"10":[3],"11":[1,2],"12":[2],"13":[1,2],"14":[2,2],"15":[1],"16":[1,3],"17":[2,1],"18":[3,2],"19":[5,3],"20":[2,3],"21":[2,1],"22":[1],"23":[8,4],"24":[4,4],"25":[2,2],"26":[1,2],"27":[3,1],"28":[1,1],"29":[4,2]},"_coverageSchema":"1a1c01bbd47fc00a2c39e90264f33305004495a9","hash":"7718f71873c47734c87fca2892e0168a1e78d276"}
,"D:\\Aterna\\src\\utils\\tokenUtils.js": {"path":"D:\\Aterna\\src\\utils\\tokenUtils.js","statementMap":{"0":{"start":{"line":4,"column":26},"end":{"line":4,"column":40}},"1":{"start":{"line":5,"column":26},"end":{"line":5,"column":49}},"2":{"start":{"line":9,"column":35},"end":{"line":19,"column":1}},"3":{"start":{"line":10,"column":18},"end":{"line":17,"column":3}},"4":{"start":{"line":18,"column":2},"end":{"line":18,"column":39}},"5":{"start":{"line":21,"column":36},"end":{"line":30,"column":1}},"6":{"start":{"line":22,"column":18},"end":{"line":28,"column":3}},"7":{"start":{"line":29,"column":2},"end":{"line":29,"column":39}},"8":{"start":{"line":34,"column":27},"end":{"line":41,"column":1}},"9":{"start":{"line":35,"column":2},"end":{"line":35,"column":26}},"10":{"start":{"line":35,"column":14},"end":{"line":35,"column":26}},"11":{"start":{"line":36,"column":2},"end":{"line":40,"column":3}},"12":{"start":{"line":37,"column":4},"end":{"line":37,"column":35}},"13":{"start":{"line":39,"column":4},"end":{"line":39,"column":16}},"14":{"start":{"line":45,"column":30},"end":{"line":49,"column":1}},"15":{"start":{"line":46,"column":18},"end":{"line":46,"column":36}},"16":{"start":{"line":47,"column":2},"end":{"line":47,"column":33}},"17":{"start":{"line":47,"column":21},"end":{"line":47,"column":33}},"18":{"start":{"line":48,"column":2},"end":{"line":48,"column":34}},"19":{"start":{"line":51,"column":28},"end":{"line":56,"column":1}},"20":{"start":{"line":52,"column":18},"end":{"line":52,"column":36}},"21":{"start":{"line":53,"column":2},"end":{"line":53,"column":29}},"22":{"start":{"line":53,"column":16},"end":{"line":53,"column":29}},"23":{"start":{"line":54,"column":2},"end":{"line":54,"column":45}},"24":{"start":{"line":54,"column":32},"end":{"line":54,"column":45}},"25":{"start":{"line":55,"column":2},"end":{"line":55,"column":14}},"26":{"start":{"line":60,"column":26},"end":{"line":64,"column":1}},"27":{"start":{"line":61,"column":2},"end":{"line":61,"column":55}},"28":{"start":{"line":62,"column":2},"end":{"line":62,"column":56}},"29":{"start":{"line":63,"column":2},"end":{"line":63,"column":55}},"30":{"start":{"line":66,"column":27},"end":{"line":70,"column":1}},"31":{"start":{"line":67,"column":2},"end":{"line":67,"column":44}},"32":{"start":{"line":68,"column":2},"end":{"line":68,"column":45}},"33":{"start":{"line":69,"column":2},"end":{"line":69,"column":36}},"34":{"start":{"line":72,"column":31},"end":{"line":72,"column":75}},"35":{"start":{"line":72,"column":37},"end":{"line":72,"column":75}},"36":{"start":{"line":73,"column":31},"end":{"line":73,"column":76}},"37":{"start":{"line":73,"column":37},"end":{"line":73,"column":76}},"38":{"start":{"line":74,"column":31},"end":{"line":80,"column":1}},"39":{"start":{"line":75,"column":2},"end":{"line":79,"column":3}},"40":{"start":{"line":76,"column":4},"end":{"line":76,"column":54}},"41":{"start":{"line":78,"column":4},"end":{"line":78,"column":16}}},"fnMap":{"0":{"name":"(anonymous_0)","decl":{"start":{"line":9,"column":35},"end":{"line":9,"column":36}},"loc":{"start":{"line":9,"column":45},"end":{"line":19,"column":1}},"line":9},"1":{"name":"(anonymous_1)","decl":{"start":{"line":21,"column":36},"end":{"line":21,"column":37}},"loc":{"start":{"line":21,"column":46},"end":{"line":30,"column":1}},"line":21},"2":{"name":"(anonymous_2)","decl":{"start":{"line":34,"column":27},"end":{"line":34,"column":28}},"loc":{"start":{"line":34,"column":38},"end":{"line":41,"column":1}},"line":34},"3":{"name":"(anonymous_3)","decl":{"start":{"line":45,"column":30},"end":{"line":45,"column":31}},"loc":{"start":{"line":45,"column":41},"end":{"line":49,"column":1}},"line":45},"4":{"name":"(anonymous_4)","decl":{"start":{"line":51,"column":28},"end":{"line":51,"column":29}},"loc":{"start":{"line":51,"column":39},"end":{"line":56,"column":1}},"line":51},"5":{"name":"(anonymous_5)","decl":{"start":{"line":60,"column":26},"end":{"line":60,"column":27}},"loc":{"start":{"line":60,"column":63},"end":{"line":64,"column":1}},"line":60},"6":{"name":"(anonymous_6)","decl":{"start":{"line":66,"column":27},"end":{"line":66,"column":28}},"loc":{"start":{"line":66,"column":33},"end":{"line":70,"column":1}},"line":66},"7":{"name":"(anonymous_7)","decl":{"start":{"line":72,"column":31},"end":{"line":72,"column":32}},"loc":{"start":{"line":72,"column":37},"end":{"line":72,"column":75}},"line":72},"8":{"name":"(anonymous_8)","decl":{"start":{"line":73,"column":31},"end":{"line":73,"column":32}},"loc":{"start":{"line":73,"column":37},"end":{"line":73,"column":76}},"line":73},"9":{"name":"(anonymous_9)","decl":{"start":{"line":74,"column":31},"end":{"line":74,"column":32}},"loc":{"start":{"line":74,"column":37},"end":{"line":80,"column":1}},"line":74}},"branchMap":{"0":{"loc":{"start":{"line":35,"column":2},"end":{"line":35,"column":26}},"type":"if","locations":[{"start":{"line":35,"column":2},"end":{"line":35,"column":26}},{"start":{},"end":{}}],"line":35},"1":{"loc":{"start":{"line":47,"column":2},"end":{"line":47,"column":33}},"type":"if","locations":[{"start":{"line":47,"column":2},"end":{"line":47,"column":33}},{"start":{},"end":{}}],"line":47},"2":{"loc":{"start":{"line":53,"column":2},"end":{"line":53,"column":29}},"type":"if","locations":[{"start":{"line":53,"column":2},"end":{"line":53,"column":29}},{"start":{},"end":{}}],"line":53},"3":{"loc":{"start":{"line":54,"column":2},"end":{"line":54,"column":45}},"type":"if","locations":[{"start":{"line":54,"column":2},"end":{"line":54,"column":45}},{"start":{},"end":{}}],"line":54}},"s":{"0":8,"1":8,"2":8,"3":19,"4":19,"5":8,"6":11,"7":11,"8":8,"9":19,"10":4,"11":15,"12":15,"13":4,"14":8,"15":4,"16":4,"17":2,"18":2,"19":8,"20":4,"21":4,"22":2,"23":2,"24":1,"25":1,"26":8,"27":5,"28":5,"29":5,"30":8,"31":15,"32":15,"33":15,"34":8,"35":13,"36":8,"37":1,"38":8,"39":15,"40":15,"41":1},"f":{"0":19,"1":11,"2":19,"3":4,"4":4,"5":5,"6":15,"7":13,"8":1,"9":15},"b":{"0":[4,15],"1":[2,2],"2":[2,2],"3":[1,1]},"_coverageSchema":"1a1c01bbd47fc00a2c39e90264f33305004495a9","hash":"2d9e4d621f202e6e18a72249b75e05b660522cfa"}
}
