TN:
SF:src\components\auth\ProtectedRoute.jsx
FN:7,(anonymous_0)
FN:34,(anonymous_1)
FNF:2
FNH:2
FNDA:5,(anonymous_0)
FNDA:2,(anonymous_1)
DA:7,1
DA:8,5
DA:10,5
DA:11,1
DA:18,4
DA:19,1
DA:22,3
DA:23,1
DA:26,2
DA:29,1
DA:34,1
DA:35,2
DA:37,2
DA:38,0
DA:45,2
DA:46,1
DA:49,1
DA:52,1
LF:18
LH:17
BRDA:7,0,0,0
BRDA:10,1,0,1
BRDA:10,1,1,4
BRDA:18,2,0,1
BRDA:18,2,1,3
BRDA:22,3,0,1
BRDA:22,3,1,2
BRDA:22,4,0,3
BRDA:22,4,1,2
BRDA:37,5,0,0
BRDA:37,5,1,2
BRDA:45,6,0,1
BRDA:45,6,1,1
BRF:13
BRH:11
end_of_record
TN:
SF:src\components\common\AnimatedTradingBackground.jsx
FN:14,(anonymous_0)
FN:17,(anonymous_1)
FN:25,(anonymous_2)
FN:37,(anonymous_3)
FN:47,(anonymous_4)
FN:63,(anonymous_5)
FN:74,(anonymous_6)
FN:79,(anonymous_7)
FN:89,(anonymous_8)
FN:110,(anonymous_9)
FN:134,(anonymous_10)
FN:159,(anonymous_11)
FNF:12
FNH:0
FNDA:0,(anonymous_0)
FNDA:0,(anonymous_1)
FNDA:0,(anonymous_2)
FNDA:0,(anonymous_3)
FNDA:0,(anonymous_4)
FNDA:0,(anonymous_5)
FNDA:0,(anonymous_6)
FNDA:0,(anonymous_7)
FNDA:0,(anonymous_8)
FNDA:0,(anonymous_9)
FNDA:0,(anonymous_10)
FNDA:0,(anonymous_11)
DA:14,0
DA:15,0
DA:17,0
DA:18,0
DA:19,0
DA:21,0
DA:25,0
DA:26,0
DA:27,0
DA:29,0
DA:30,0
DA:33,0
DA:34,0
DA:38,0
DA:39,0
DA:40,0
DA:41,0
DA:42,0
DA:43,0
DA:44,0
DA:48,0
DA:49,0
DA:52,0
DA:53,0
DA:54,0
DA:55,0
DA:58,0
DA:64,0
DA:65,0
DA:70,0
DA:71,0
DA:74,0
DA:76,0
DA:79,0
DA:80,0
DA:81,0
DA:84,0
DA:87,0
DA:89,0
DA:90,0
DA:91,0
DA:95,0
DA:110,0
DA:111,0
DA:135,0
DA:160,0
LF:46
LH:0
BRDA:19,0,0,0
BRDA:19,0,1,0
BRDA:52,1,0,0
BRDA:52,1,1,0
BRDA:53,2,0,0
BRDA:53,2,1,0
BRDA:54,3,0,0
BRDA:54,3,1,0
BRDA:55,4,0,0
BRDA:55,4,1,0
BRF:10
BRH:0
end_of_record
TN:
SF:src\components\common\Button.jsx
FN:4,(anonymous_0)
FN:71,(anonymous_1)
FNF:2
FNH:1
FNDA:354,(anonymous_0)
FNDA:0,(anonymous_1)
DA:4,3
DA:16,354
DA:22,354
DA:35,354
DA:59,3
DA:71,3
DA:72,0
DA:79,3
LF:8
LH:7
BRDA:6,0,0,14
BRDA:7,1,0,351
BRDA:8,2,0,197
BRDA:9,3,0,177
BRDA:10,4,0,185
BRDA:11,5,0,354
BRDA:13,6,0,353
BRDA:38,7,0,354
BRDA:38,7,1,342
BRDA:41,8,0,354
BRDA:41,8,1,350
BRDA:44,9,0,4
BRDA:44,9,1,350
BRDA:71,10,0,0
BRF:14
BRH:13
end_of_record
TN:
SF:src\components\common\FormInput.jsx
FN:4,(anonymous_0)
FN:67,(anonymous_1)
FN:129,(anonymous_2)
FN:165,(anonymous_3)
FN:196,(anonymous_4)
FNF:5
FNH:5
FNDA:572,(anonymous_0)
FNDA:7,(anonymous_1)
FNDA:6,(anonymous_2)
FNDA:12,(anonymous_3)
FNDA:6,(anonymous_4)
DA:4,3
DA:18,572
DA:19,572
DA:20,572
DA:22,572
DA:54,3
DA:67,3
DA:81,7
DA:82,7
DA:83,7
DA:85,7
DA:116,3
DA:129,3
DA:141,6
DA:142,6
DA:143,6
DA:145,6
DA:166,12
DA:180,3
DA:196,3
DA:204,6
DA:219,3
LF:22
LH:22
BRDA:6,0,0,18
BRDA:7,1,0,144
BRDA:11,2,0,376
BRDA:12,3,0,439
BRDA:13,4,0,570
BRDA:14,5,0,572
BRDA:19,6,0,572
BRDA:19,6,1,569
BRDA:24,7,0,572
BRDA:24,7,1,542
BRDA:27,8,0,542
BRDA:27,8,1,2
BRDA:39,9,0,184
BRDA:39,9,1,388
BRDA:40,10,0,184
BRDA:40,10,1,388
BRDA:41,11,0,572
BRDA:41,11,1,570
BRDA:42,12,0,184
BRDA:42,12,1,388
BRDA:45,13,0,572
BRDA:45,13,1,184
BRDA:69,14,0,7
BRDA:73,15,0,6
BRDA:74,16,0,6
BRDA:75,17,0,6
BRDA:76,18,0,7
BRDA:77,19,0,7
BRDA:82,20,0,7
BRDA:82,20,1,7
BRDA:87,21,0,7
BRDA:87,21,1,3
BRDA:90,22,0,3
BRDA:90,22,1,1
BRDA:102,23,0,1
BRDA:102,23,1,6
BRDA:103,24,0,1
BRDA:103,24,1,6
BRDA:104,25,0,1
BRDA:104,25,1,6
BRDA:107,26,0,7
BRDA:107,26,1,1
BRDA:131,27,0,0
BRDA:134,28,0,5
BRDA:135,29,0,5
BRDA:136,30,0,6
BRDA:137,31,0,6
BRDA:142,32,0,6
BRDA:142,32,1,6
BRDA:147,33,0,6
BRDA:147,33,1,1
BRDA:150,34,0,1
BRDA:150,34,1,0
BRDA:159,35,0,1
BRDA:159,35,1,5
BRDA:160,36,0,1
BRDA:160,36,1,5
BRDA:161,37,0,1
BRDA:161,37,1,5
BRDA:171,38,0,6
BRDA:171,38,1,1
BRDA:198,39,0,0
BRDA:200,40,0,5
BRDA:201,41,0,6
BRDA:205,42,0,1
BRDA:205,42,1,5
BRDA:214,43,0,6
BRDA:214,43,1,1
BRF:68
BRH:65
end_of_record
TN:
SF:src\components\common\RouteErrorBoundary.jsx
FN:6,(anonymous_0)
FN:11,(anonymous_1)
FN:15,(anonymous_2)
FN:19,(anonymous_3)
FN:28,(anonymous_4)
FNF:5
FNH:5
FNDA:9,(anonymous_0)
FNDA:6,(anonymous_1)
FNDA:3,(anonymous_2)
FNDA:16,(anonymous_3)
FNDA:1,(anonymous_4)
DA:7,9
DA:8,8
DA:12,6
DA:16,3
DA:20,16
DA:21,7
DA:28,1
DA:42,9
DA:46,2
LF:9
LH:9
BRDA:12,0,0,6
BRDA:12,0,1,0
BRDA:20,1,0,7
BRDA:20,1,1,9
BRF:4
BRH:3
end_of_record
TN:
SF:src\components\common\Tooltip.jsx
FN:19,(anonymous_0)
FN:31,(anonymous_1)
FN:33,(anonymous_2)
FN:36,(anonymous_3)
FNF:4
FNH:4
FNDA:119,(anonymous_0)
FNDA:10,(anonymous_1)
FNDA:9,(anonymous_2)
FNDA:2,(anonymous_3)
DA:12,2
DA:19,2
DA:27,119
DA:28,119
DA:29,119
DA:31,119
DA:32,10
DA:33,9
DA:36,119
DA:37,2
DA:38,2
DA:41,119
DA:43,117
DA:79,2
LF:14
LH:14
BRDA:22,0,0,15
BRDA:23,1,0,118
BRDA:24,2,0,117
BRDA:25,3,0,98
BRDA:29,4,0,119
BRDA:29,4,1,0
BRDA:32,5,0,1
BRDA:32,5,1,9
BRDA:32,6,0,10
BRDA:32,6,1,9
BRDA:41,7,0,2
BRDA:41,7,1,117
BRDA:53,8,0,117
BRDA:53,8,1,9
BRF:14
BRH:13
end_of_record
TN:
SF:src\components\common\UI.jsx
FN:4,(anonymous_0)
FN:26,(anonymous_1)
FN:55,(anonymous_2)
FN:99,(anonymous_3)
FN:136,(anonymous_4)
FNF:5
FNH:5
FNDA:5,(anonymous_0)
FNDA:11,(anonymous_1)
FNDA:9,(anonymous_2)
FNDA:5,(anonymous_3)
FNDA:10,(anonymous_4)
DA:4,4
DA:5,5
DA:6,5
DA:7,5
DA:18,4
DA:26,4
DA:27,11
DA:35,11
DA:41,11
DA:48,4
DA:55,4
DA:56,9
DA:63,9
DA:70,9
DA:91,4
DA:99,4
DA:100,5
DA:106,5
DA:131,4
DA:136,4
DA:146,10
DA:148,9
DA:156,9
DA:179,4
LF:24
LH:24
BRDA:4,0,0,4
BRDA:5,1,0,1
BRDA:5,1,1,4
BRDA:6,2,0,1
BRDA:6,2,1,4
BRDA:9,3,0,1
BRDA:9,3,1,4
BRDA:26,4,0,5
BRDA:26,5,0,10
BRDA:42,6,0,11
BRDA:42,6,1,0
BRDA:42,7,0,3
BRDA:42,7,1,8
BRDA:42,8,0,3
BRDA:42,8,1,0
BRDA:55,9,0,4
BRDA:55,10,0,8
BRDA:75,11,0,9
BRDA:75,11,1,1
BRDA:78,12,0,9
BRDA:78,12,1,2
BRDA:99,13,0,2
BRDA:99,14,0,4
BRDA:137,15,0,0
BRDA:141,16,0,9
BRDA:142,17,0,5
BRDA:143,18,0,10
BRDA:146,19,0,1
BRDA:146,19,1,9
BRDA:161,20,0,9
BRDA:161,20,1,1
BRDA:162,21,0,9
BRDA:162,21,1,8
BRF:33
BRH:30
end_of_record
TN:
SF:src\contexts\AuthContext.jsx
FN:14,(anonymous_0)
FN:22,(anonymous_1)
FN:23,(anonymous_2)
FN:45,(anonymous_3)
FN:50,(anonymous_4)
FN:53,(anonymous_5)
FN:68,(anonymous_6)
FN:89,(anonymous_7)
FN:100,(anonymous_8)
FN:119,(anonymous_9)
FN:138,(anonymous_10)
FN:153,(anonymous_11)
FNF:12
FNH:8
FNDA:41,(anonymous_0)
FNDA:12,(anonymous_1)
FNDA:12,(anonymous_2)
FNDA:1,(anonymous_3)
FNDA:12,(anonymous_4)
FNDA:2,(anonymous_5)
FNDA:5,(anonymous_6)
FNDA:2,(anonymous_7)
FNDA:0,(anonymous_8)
FNDA:0,(anonymous_9)
FNDA:0,(anonymous_10)
FNDA:0,(anonymous_11)
DA:12,6
DA:14,6
DA:15,41
DA:16,41
DA:17,41
DA:18,41
DA:19,41
DA:22,41
DA:23,12
DA:24,12
DA:25,12
DA:26,12
DA:29,12
DA:30,1
DA:31,1
DA:34,11
DA:37,0
DA:39,12
DA:42,12
DA:45,12
DA:46,1
DA:47,1
DA:49,12
DA:50,12
DA:53,41
DA:54,2
DA:55,2
DA:56,2
DA:57,2
DA:58,1
DA:60,1
DA:61,1
DA:62,1
DA:64,2
DA:68,41
DA:69,5
DA:70,5
DA:71,5
DA:72,5
DA:73,4
DA:75,4
DA:76,4
DA:78,4
DA:80,1
DA:81,1
DA:82,1
DA:83,1
DA:85,5
DA:89,41
DA:90,2
DA:91,2
DA:92,2
DA:93,2
DA:94,2
DA:96,1
DA:100,41
DA:101,0
DA:102,0
DA:103,0
DA:104,0
DA:105,0
DA:106,0
DA:108,0
DA:109,0
DA:111,0
DA:112,0
DA:113,0
DA:115,0
DA:119,41
DA:120,0
DA:121,0
DA:122,0
DA:123,0
DA:128,0
DA:130,0
DA:131,0
DA:132,0
DA:134,0
DA:138,41
DA:139,0
DA:140,0
DA:141,0
DA:142,0
DA:143,0
DA:145,0
DA:146,0
DA:147,0
DA:149,0
DA:153,41
DA:154,0
DA:155,0
DA:156,0
DA:157,0
DA:158,0
DA:160,0
DA:161,0
DA:162,0
DA:164,0
DA:168,41
DA:170,41
DA:186,41
DA:189,6
LF:102
LH:62
BRDA:29,0,0,1
BRDA:29,0,1,11
BRDA:29,1,0,12
BRDA:29,1,1,2
BRDA:29,1,2,2
BRDA:60,2,0,1
BRDA:60,2,1,0
BRDA:81,3,0,1
BRDA:81,3,1,0
BRDA:111,4,0,0
BRDA:111,4,1,0
BRDA:130,5,0,0
BRDA:130,5,1,0
BRDA:145,6,0,0
BRDA:145,6,1,0
BRDA:160,7,0,0
BRDA:160,7,1,0
BRDA:168,8,0,41
BRDA:168,8,1,5
BRF:19
BRH:9
end_of_record
TN:
SF:src\pages\AlertHistory.jsx
FN:15,(anonymous_0)
FN:17,(anonymous_1)
FN:18,(anonymous_2)
FN:19,(anonymous_3)
FN:30,(anonymous_4)
FN:42,(anonymous_5)
FN:45,(anonymous_6)
FN:69,(anonymous_7)
FN:88,(anonymous_8)
FN:96,(anonymous_9)
FN:122,(anonymous_10)
FN:130,(anonymous_11)
FN:136,(anonymous_12)
FN:138,(anonymous_13)
FN:142,(anonymous_14)
FN:152,(anonymous_15)
FN:154,(anonymous_16)
FN:155,(anonymous_17)
FN:160,(anonymous_18)
FN:171,(anonymous_19)
FN:178,(anonymous_20)
FN:185,(anonymous_21)
FN:188,(anonymous_22)
FN:229,(anonymous_23)
FN:245,(anonymous_24)
FN:246,(anonymous_25)
FN:249,(anonymous_26)
FN:250,(anonymous_27)
FN:252,(anonymous_28)
FN:255,(anonymous_29)
FN:261,(anonymous_30)
FN:284,(anonymous_31)
FN:288,(anonymous_32)
FN:296,(anonymous_33)
FN:304,(anonymous_34)
FN:317,(anonymous_35)
FN:336,(anonymous_36)
FN:337,(anonymous_37)
FN:339,(anonymous_38)
FN:340,(anonymous_39)
FNF:40
FNH:19
FNDA:49,(anonymous_0)
FNDA:25,(anonymous_1)
FNDA:1,(anonymous_2)
FNDA:25,(anonymous_3)
FNDA:16,(anonymous_4)
FNDA:28,(anonymous_5)
FNDA:2,(anonymous_6)
FNDA:49,(anonymous_7)
FNDA:18,(anonymous_8)
FNDA:19,(anonymous_9)
FNDA:1,(anonymous_10)
FNDA:0,(anonymous_11)
FNDA:2,(anonymous_12)
FNDA:2,(anonymous_13)
FNDA:0,(anonymous_14)
FNDA:1,(anonymous_15)
FNDA:0,(anonymous_16)
FNDA:0,(anonymous_17)
FNDA:0,(anonymous_18)
FNDA:0,(anonymous_19)
FNDA:0,(anonymous_20)
FNDA:0,(anonymous_21)
FNDA:0,(anonymous_22)
FNDA:1,(anonymous_23)
FNDA:8,(anonymous_24)
FNDA:0,(anonymous_25)
FNDA:0,(anonymous_26)
FNDA:0,(anonymous_27)
FNDA:0,(anonymous_28)
FNDA:1,(anonymous_29)
FNDA:0,(anonymous_30)
FNDA:16,(anonymous_31)
FNDA:0,(anonymous_32)
FNDA:86,(anonymous_33)
FNDA:0,(anonymous_34)
FNDA:0,(anonymous_35)
FNDA:0,(anonymous_36)
FNDA:0,(anonymous_37)
FNDA:0,(anonymous_38)
FNDA:0,(anonymous_39)
DA:13,1
DA:15,1
DA:16,49
DA:17,49
DA:18,25
DA:19,25
DA:21,49
DA:24,1
DA:30,1
DA:31,16
DA:42,1
DA:43,28
DA:45,2
DA:67,1
DA:69,1
DA:70,49
DA:71,49
DA:72,49
DA:74,49
DA:75,49
DA:76,49
DA:77,49
DA:78,49
DA:79,49
DA:81,49
DA:82,49
DA:83,49
DA:84,49
DA:85,49
DA:86,49
DA:88,49
DA:89,18
DA:90,18
DA:91,18
DA:92,18
DA:95,49
DA:96,19
DA:107,49
DA:109,49
DA:115,49
DA:116,49
DA:118,49
DA:119,49
DA:120,49
DA:122,49
DA:123,1
DA:124,1
DA:125,1
DA:126,1
DA:127,1
DA:130,49
DA:131,0
DA:132,0
DA:133,0
DA:136,49
DA:137,2
DA:138,2
DA:139,2
DA:142,49
DA:143,0
DA:144,0
DA:145,0
DA:146,0
DA:147,0
DA:148,0
DA:149,0
DA:152,49
DA:153,1
DA:154,0
DA:155,0
DA:157,1
DA:160,49
DA:161,0
DA:162,0
DA:164,0
DA:165,0
DA:171,0
DA:172,0
DA:174,0
DA:178,49
DA:179,0
DA:180,0
DA:181,0
DA:182,0
DA:184,0
DA:185,0
DA:186,0
DA:188,0
DA:189,0
DA:200,0
DA:201,0
DA:202,0
DA:203,0
DA:204,0
DA:205,0
DA:206,0
DA:207,0
DA:208,0
DA:209,0
DA:211,0
DA:213,0
DA:217,49
DA:229,1
DA:245,8
DA:246,0
DA:249,0
DA:250,0
DA:252,0
DA:255,1
DA:261,0
DA:284,16
DA:288,0
DA:296,86
DA:305,0
DA:306,0
DA:307,0
DA:308,0
DA:309,0
DA:318,0
DA:319,0
DA:320,0
DA:321,0
DA:322,0
DA:336,0
DA:337,0
DA:339,0
DA:340,0
LF:127
LH:67
BRDA:15,0,0,0
BRDA:47,1,0,14
BRDA:47,1,1,14
BRDA:50,2,0,14
BRDA:50,2,1,14
BRDA:52,3,0,14
BRDA:52,3,1,14
BRDA:55,4,0,28
BRDA:55,4,1,0
BRDA:55,4,2,0
BRDA:58,5,0,28
BRDA:58,5,1,0
BRDA:63,6,0,28
BRDA:63,6,1,0
BRDA:74,7,0,49
BRDA:74,7,1,17
BRDA:75,8,0,49
BRDA:75,8,1,48
BRDA:82,9,0,49
BRDA:82,9,1,47
BRDA:83,10,0,49
BRDA:83,10,1,49
BRDA:84,11,0,49
BRDA:84,11,1,49
BRDA:85,12,0,49
BRDA:85,12,1,49
BRDA:86,13,0,49
BRDA:86,13,1,49
BRDA:90,14,0,1
BRDA:90,14,1,17
BRDA:97,15,0,1
BRDA:97,15,1,18
BRDA:98,16,0,1
BRDA:98,16,1,18
BRDA:99,17,0,0
BRDA:99,17,1,19
BRDA:100,18,0,0
BRDA:100,18,1,19
BRDA:101,19,0,0
BRDA:101,19,1,19
BRDA:102,20,0,0
BRDA:102,20,1,19
BRDA:107,21,0,49
BRDA:107,21,1,47
BRDA:107,21,2,45
BRDA:107,21,3,45
BRDA:107,21,4,45
BRDA:107,21,5,45
BRDA:118,22,0,49
BRDA:118,22,1,4
BRDA:119,23,0,49
BRDA:119,23,1,4
BRDA:120,24,0,49
BRDA:120,24,1,4
BRDA:124,25,0,1
BRDA:124,25,1,0
BRDA:143,26,0,0
BRDA:143,26,1,0
BRDA:145,27,0,0
BRDA:145,27,1,0
BRDA:145,28,0,0
BRDA:145,28,1,0
BRDA:160,29,0,0
BRDA:161,30,0,0
BRDA:161,30,1,0
BRDA:162,31,0,0
BRDA:162,31,1,0
BRDA:174,32,0,0
BRDA:174,32,1,0
BRDA:182,33,0,0
BRDA:182,33,1,0
BRDA:185,34,0,0
BRDA:185,34,1,0
BRDA:194,35,0,0
BRDA:194,35,1,0
BRDA:194,35,2,0
BRDA:195,36,0,0
BRDA:195,36,1,0
BRDA:195,37,0,0
BRDA:195,37,1,0
BRDA:196,38,0,0
BRDA:196,38,1,0
BRDA:196,38,2,0
BRDA:224,39,0,2
BRDA:224,39,1,47
BRDA:224,40,0,47
BRDA:224,40,1,0
BRDA:236,41,0,0
BRDA:236,41,1,49
BRDA:246,42,0,49
BRDA:246,42,1,10
BRDA:269,43,0,49
BRDA:269,43,1,4
BRDA:283,44,0,2
BRDA:283,44,1,47
BRDA:283,45,0,49
BRDA:283,45,1,47
BRDA:285,46,0,2
BRDA:285,46,1,45
BRDA:290,47,0,2
BRDA:290,47,1,43
BRDA:339,48,0,0
BRDA:339,48,1,49
BRDA:340,49,0,3
BRDA:340,49,1,46
BRDA:340,50,0,49
BRDA:340,50,1,3
BRDA:342,51,0,2
BRDA:342,51,1,47
BRF:109
BRH:69
end_of_record
TN:
SF:src\pages\Login.jsx
FN:8,(anonymous_0)
FN:22,(anonymous_1)
FN:37,(anonymous_2)
FN:49,(anonymous_3)
FN:51,(anonymous_4)
FN:52,(anonymous_5)
FN:55,(anonymous_6)
FN:57,(anonymous_7)
FN:60,(anonymous_8)
FN:135,(anonymous_9)
FN:174,(anonymous_10)
FN:214,(anonymous_11)
FNF:12
FNH:11
FNDA:98,(anonymous_0)
FNDA:89,(anonymous_1)
FNDA:4,(anonymous_2)
FNDA:78,(anonymous_3)
FNDA:78,(anonymous_4)
FNDA:78,(anonymous_5)
FNDA:3,(anonymous_6)
FNDA:3,(anonymous_7)
FNDA:4,(anonymous_8)
FNDA:294,(anonymous_9)
FNDA:0,(anonymous_10)
FNDA:1,(anonymous_11)
DA:8,2
DA:9,98
DA:10,98
DA:12,98
DA:17,98
DA:18,98
DA:19,98
DA:20,98
DA:22,98
DA:23,89
DA:24,64
DA:25,63
DA:26,14
DA:29,25
DA:30,25
DA:31,23
DA:34,0
DA:37,98
DA:38,4
DA:40,4
DA:41,4
DA:42,4
DA:43,4
DA:45,4
DA:46,4
DA:49,98
DA:50,78
DA:51,78
DA:52,78
DA:55,98
DA:56,3
DA:57,3
DA:60,98
DA:61,4
DA:62,4
DA:64,4
DA:65,2
DA:68,2
DA:69,2
DA:70,2
DA:71,1
DA:73,1
DA:74,1
DA:78,1
DA:79,0
DA:80,1
DA:81,0
DA:82,1
DA:83,0
DA:84,1
DA:85,0
DA:86,1
DA:87,1
DA:89,0
DA:92,1
DA:94,2
DA:98,98
DA:136,294
DA:174,0
DA:214,1
LF:60
LH:53
BRDA:23,0,0,64
BRDA:23,0,1,25
BRDA:24,1,0,1
BRDA:24,1,1,63
BRDA:25,2,0,49
BRDA:25,2,1,14
BRDA:29,3,0,25
BRDA:29,3,1,0
BRDA:30,4,0,2
BRDA:30,4,1,23
BRDA:42,5,0,1
BRDA:42,5,1,3
BRDA:43,6,0,2
BRDA:43,6,1,2
BRDA:64,7,0,2
BRDA:64,7,1,2
BRDA:74,8,0,1
BRDA:74,8,1,0
BRDA:74,8,2,0
BRDA:78,9,0,0
BRDA:78,9,1,1
BRDA:78,10,0,1
BRDA:78,10,1,1
BRDA:80,11,0,0
BRDA:80,11,1,1
BRDA:82,12,0,0
BRDA:82,12,1,1
BRDA:84,13,0,0
BRDA:84,13,1,1
BRDA:84,14,0,1
BRDA:84,14,1,1
BRDA:84,14,2,1
BRDA:86,15,0,1
BRDA:86,15,1,0
BRDA:173,16,0,98
BRDA:173,16,1,1
BRDA:194,17,0,98
BRDA:194,17,1,50
BRDA:202,18,0,1
BRDA:202,18,1,97
BRDA:215,19,0,1
BRDA:215,19,1,97
BRDA:218,20,0,1
BRDA:218,20,1,97
BRDA:221,21,0,98
BRDA:221,21,1,2
BRDA:240,22,0,2
BRDA:240,22,1,96
BRF:48
BRH:40
end_of_record
TN:
SF:src\pages\NotFound.jsx
FN:4,(anonymous_0)
FN:21,(anonymous_1)
FNF:2
FNH:2
FNDA:7,(anonymous_0)
FNDA:1,(anonymous_1)
DA:4,2
DA:5,7
DA:21,1
LF:3
LH:3
BRF:0
BRH:0
end_of_record
TN:
SF:src\pages\Settings.jsx
FN:10,(anonymous_0)
FN:37,(anonymous_1)
FN:57,(anonymous_2)
FN:58,(anonymous_3)
FN:84,(anonymous_4)
FN:84,(anonymous_5)
FN:103,(anonymous_6)
FN:107,(anonymous_7)
FN:108,(anonymous_8)
FN:111,(anonymous_9)
FN:126,(anonymous_10)
FN:133,(anonymous_11)
FN:138,(anonymous_12)
FN:157,(anonymous_13)
FN:181,(anonymous_14)
FN:200,(anonymous_15)
FN:211,(anonymous_16)
FN:235,(anonymous_17)
FN:246,(anonymous_18)
FN:269,(anonymous_19)
FN:286,(anonymous_20)
FN:293,(anonymous_21)
FN:294,(anonymous_22)
FN:296,(anonymous_23)
FN:300,(anonymous_24)
FN:301,(anonymous_25)
FN:304,(anonymous_26)
FN:333,(anonymous_27)
FN:336,(anonymous_28)
FN:366,(anonymous_29)
FN:374,(anonymous_30)
FN:382,(anonymous_31)
FN:400,(anonymous_32)
FN:415,(anonymous_33)
FN:420,(anonymous_34)
FN:420,(anonymous_35)
FN:439,(anonymous_36)
FN:439,(anonymous_37)
FN:455,(anonymous_38)
FN:455,(anonymous_39)
FN:461,(anonymous_40)
FN:461,(anonymous_41)
FN:474,(anonymous_42)
FN:478,(anonymous_43)
FN:478,(anonymous_44)
FN:516,(anonymous_45)
FN:520,(anonymous_46)
FN:542,(anonymous_47)
FN:544,(anonymous_48)
FN:555,(anonymous_49)
FN:567,(anonymous_50)
FN:574,(anonymous_51)
FN:609,(anonymous_52)
FN:614,(anonymous_53)
FNF:54
FNH:30
FNDA:267,(anonymous_0)
FNDA:96,(anonymous_1)
FNDA:92,(anonymous_2)
FNDA:92,(anonymous_3)
FNDA:15,(anonymous_4)
FNDA:1,(anonymous_5)
FNDA:14,(anonymous_6)
FNDA:14,(anonymous_7)
FNDA:14,(anonymous_8)
FNDA:14,(anonymous_9)
FNDA:14,(anonymous_10)
FNDA:0,(anonymous_11)
FNDA:0,(anonymous_12)
FNDA:1,(anonymous_13)
FNDA:0,(anonymous_14)
FNDA:4,(anonymous_15)
FNDA:1,(anonymous_16)
FNDA:0,(anonymous_17)
FNDA:0,(anonymous_18)
FNDA:2,(anonymous_19)
FNDA:1,(anonymous_20)
FNDA:0,(anonymous_21)
FNDA:0,(anonymous_22)
FNDA:0,(anonymous_23)
FNDA:0,(anonymous_24)
FNDA:0,(anonymous_25)
FNDA:0,(anonymous_26)
FNDA:759,(anonymous_27)
FNDA:5,(anonymous_28)
FNDA:28,(anonymous_29)
FNDA:31,(anonymous_30)
FNDA:33,(anonymous_31)
FNDA:2,(anonymous_32)
FNDA:12,(anonymous_33)
FNDA:0,(anonymous_34)
FNDA:0,(anonymous_35)
FNDA:0,(anonymous_36)
FNDA:0,(anonymous_37)
FNDA:0,(anonymous_38)
FNDA:0,(anonymous_39)
FNDA:0,(anonymous_40)
FNDA:0,(anonymous_41)
FNDA:12,(anonymous_42)
FNDA:0,(anonymous_43)
FNDA:0,(anonymous_44)
FNDA:75,(anonymous_45)
FNDA:0,(anonymous_46)
FNDA:20,(anonymous_47)
FNDA:20,(anonymous_48)
FNDA:20,(anonymous_49)
FNDA:1,(anonymous_50)
FNDA:0,(anonymous_51)
FNDA:5,(anonymous_52)
FNDA:0,(anonymous_53)
DA:10,1
DA:11,267
DA:12,267
DA:13,267
DA:14,267
DA:15,267
DA:16,267
DA:17,267
DA:18,267
DA:19,267
DA:20,267
DA:21,267
DA:22,267
DA:25,267
DA:31,267
DA:32,267
DA:33,267
DA:35,267
DA:37,267
DA:38,96
DA:39,96
DA:40,96
DA:41,28
DA:43,68
DA:44,68
DA:45,68
DA:46,68
DA:47,68
DA:49,96
DA:50,59
DA:51,37
DA:52,31
DA:54,96
DA:57,267
DA:58,92
DA:59,92
DA:60,92
DA:61,92
DA:66,267
DA:77,267
DA:83,267
DA:84,15
DA:103,267
DA:104,14
DA:107,267
DA:108,14
DA:111,267
DA:112,14
DA:116,0
DA:118,14
DA:126,267
DA:127,14
DA:128,14
DA:129,14
DA:130,14
DA:131,14
DA:132,0
DA:133,0
DA:138,0
DA:151,0
DA:153,14
DA:157,267
DA:158,1
DA:159,0
DA:160,0
DA:163,1
DA:164,1
DA:165,1
DA:166,1
DA:167,0
DA:169,1
DA:170,1
DA:172,1
DA:174,0
DA:175,0
DA:177,1
DA:181,267
DA:182,0
DA:183,0
DA:184,0
DA:185,0
DA:186,0
DA:188,0
DA:189,0
DA:191,0
DA:193,0
DA:194,0
DA:196,0
DA:200,267
DA:201,4
DA:202,4
DA:203,4
DA:204,3
DA:205,3
DA:208,1
DA:209,1
DA:210,1
DA:211,1
DA:217,1
DA:218,1
DA:220,0
DA:221,0
DA:222,0
DA:223,0
DA:224,0
DA:225,0
DA:226,0
DA:228,0
DA:231,1
DA:235,267
DA:236,0
DA:237,0
DA:238,0
DA:241,0
DA:242,0
DA:244,0
DA:245,0
DA:246,0
DA:249,0
DA:250,0
DA:251,0
DA:252,0
DA:254,0
DA:255,0
DA:256,0
DA:257,0
DA:258,0
DA:259,0
DA:260,0
DA:262,0
DA:265,0
DA:269,267
DA:270,2
DA:272,2
DA:273,0
DA:274,0
DA:276,2
DA:277,1
DA:278,1
DA:280,1
DA:281,0
DA:282,0
DA:285,1
DA:286,1
DA:293,267
DA:294,0
DA:296,0
DA:300,267
DA:301,0
DA:304,0
DA:309,267
DA:310,14
DA:317,253
DA:334,759
DA:336,5
DA:366,28
DA:374,31
DA:382,33
DA:400,2
DA:416,12
DA:420,0
DA:439,0
DA:455,0
DA:461,0
DA:475,12
DA:478,0
DA:517,75
DA:520,0
DA:543,20
DA:544,20
DA:545,20
DA:546,0
DA:547,20
DA:548,12
DA:549,8
DA:550,0
DA:552,8
DA:556,20
DA:557,0
DA:558,0
DA:568,1
DA:574,0
DA:609,5
DA:615,0
DA:616,0
LF:185
LH:114
BRDA:26,0,0,267
BRDA:26,0,1,0
BRDA:39,1,0,19
BRDA:39,1,1,77
BRDA:40,2,0,28
BRDA:40,2,1,68
BRDA:43,3,0,30
BRDA:43,3,1,38
BRDA:44,4,0,9
BRDA:44,4,1,59
BRDA:45,5,0,3
BRDA:45,5,1,65
BRDA:46,6,0,33
BRDA:46,6,1,35
BRDA:47,7,0,0
BRDA:47,7,1,68
BRDA:49,8,0,59
BRDA:49,8,1,37
BRDA:51,9,0,31
BRDA:51,9,1,6
BRDA:108,10,0,14
BRDA:108,10,1,0
BRDA:112,11,0,0
BRDA:112,11,1,14
BRDA:113,12,0,14
BRDA:113,12,1,0
BRDA:130,13,0,14
BRDA:130,13,1,0
BRDA:131,14,0,0
BRDA:131,14,1,14
BRDA:132,15,0,0
BRDA:132,15,1,0
BRDA:135,16,0,0
BRDA:135,16,1,0
BRDA:136,17,0,0
BRDA:136,17,1,0
BRDA:140,18,0,0
BRDA:140,18,1,0
BRDA:141,19,0,0
BRDA:141,19,1,0
BRDA:142,20,0,0
BRDA:142,20,1,0
BRDA:143,21,0,0
BRDA:143,21,1,0
BRDA:144,22,0,0
BRDA:144,22,1,0
BRDA:145,23,0,0
BRDA:145,23,1,0
BRDA:146,24,0,0
BRDA:146,24,1,0
BRDA:158,25,0,0
BRDA:158,25,1,1
BRDA:166,26,0,0
BRDA:166,26,1,1
BRDA:170,27,0,1
BRDA:170,27,1,0
BRDA:174,28,0,0
BRDA:174,28,1,0
BRDA:185,29,0,0
BRDA:185,29,1,0
BRDA:189,30,0,0
BRDA:189,30,1,0
BRDA:193,31,0,0
BRDA:193,31,1,0
BRDA:203,32,0,3
BRDA:203,32,1,1
BRDA:221,33,0,0
BRDA:221,33,1,0
BRDA:223,34,0,0
BRDA:223,34,1,0
BRDA:225,35,0,0
BRDA:225,35,1,0
BRDA:225,36,0,0
BRDA:225,36,1,0
BRDA:228,37,0,0
BRDA:228,37,1,0
BRDA:228,37,2,0
BRDA:236,38,0,0
BRDA:236,38,1,0
BRDA:245,39,0,0
BRDA:245,39,1,0
BRDA:245,40,0,0
BRDA:245,40,1,0
BRDA:255,41,0,0
BRDA:255,41,1,0
BRDA:257,42,0,0
BRDA:257,42,1,0
BRDA:259,43,0,0
BRDA:259,43,1,0
BRDA:259,44,0,0
BRDA:259,44,1,0
BRDA:262,45,0,0
BRDA:262,45,1,0
BRDA:262,45,2,0
BRDA:272,46,0,0
BRDA:272,46,1,2
BRDA:276,47,0,1
BRDA:276,47,1,1
BRDA:280,48,0,0
BRDA:280,48,1,1
BRDA:303,49,0,0
BRDA:303,49,1,0
BRDA:309,50,0,14
BRDA:309,50,1,253
BRDA:338,51,0,253
BRDA:338,51,1,506
BRDA:349,52,0,253
BRDA:349,52,1,224
BRDA:406,53,0,253
BRDA:406,53,1,4
BRDA:422,54,0,8
BRDA:422,54,1,4
BRDA:426,55,0,8
BRDA:426,55,1,4
BRDA:441,56,0,0
BRDA:441,56,1,4
BRDA:445,57,0,0
BRDA:445,57,1,4
BRDA:449,58,0,4
BRDA:449,58,1,0
BRDA:465,59,0,4
BRDA:465,59,1,0
BRDA:480,60,0,4
BRDA:480,60,1,8
BRDA:503,61,0,253
BRDA:503,61,1,25
BRDA:522,62,0,75
BRDA:522,62,1,0
BRDA:545,63,0,0
BRDA:545,63,1,20
BRDA:547,64,0,12
BRDA:547,64,1,8
BRDA:549,65,0,0
BRDA:549,65,1,8
BRDA:556,66,0,0
BRDA:556,66,1,20
BRDA:565,67,0,25
BRDA:565,67,1,1
BRDA:598,68,0,253
BRDA:598,68,1,7
BRDA:626,69,0,7
BRDA:626,69,1,7
BRF:142
BRH:64
end_of_record
TN:
SF:src\services\alertsService.js
FN:5,(anonymous_0)
FN:16,(anonymous_1)
FN:51,(anonymous_2)
FN:57,(anonymous_3)
FN:66,(anonymous_4)
FN:68,(anonymous_5)
FN:75,(anonymous_6)
FN:79,(anonymous_7)
FN:85,(anonymous_8)
FN:86,(anonymous_9)
FN:91,(anonymous_10)
FN:99,(anonymous_11)
FN:104,(anonymous_12)
FN:105,(anonymous_13)
FN:106,(anonymous_14)
FN:107,(anonymous_15)
FN:112,(anonymous_16)
FN:119,(anonymous_17)
FNF:18
FNH:18
FNDA:2,(anonymous_0)
FNDA:2,(anonymous_1)
FNDA:1,(anonymous_2)
FNDA:1,(anonymous_3)
FNDA:1,(anonymous_4)
FNDA:3,(anonymous_5)
FNDA:3,(anonymous_6)
FNDA:1,(anonymous_7)
FNDA:1,(anonymous_8)
FNDA:2,(anonymous_9)
FNDA:1,(anonymous_10)
FNDA:1,(anonymous_11)
FNDA:3,(anonymous_12)
FNDA:3,(anonymous_13)
FNDA:3,(anonymous_14)
FNDA:3,(anonymous_15)
FNDA:1,(anonymous_16)
FNDA:2,(anonymous_17)
DA:3,2
DA:6,2
DA:7,2
DA:8,2
DA:9,2
DA:10,2
DA:12,2
DA:13,2
DA:26,2
DA:27,2
DA:28,2
DA:29,2
DA:30,2
DA:31,2
DA:32,2
DA:33,1
DA:34,1
DA:35,1
DA:38,2
DA:39,2
DA:41,2
DA:52,1
DA:53,1
DA:58,1
DA:62,1
DA:67,1
DA:69,3
DA:75,3
DA:80,1
DA:81,1
DA:86,2
DA:87,1
DA:92,1
DA:95,1
DA:100,1
DA:101,1
DA:102,1
DA:104,3
DA:105,3
DA:106,3
DA:107,3
DA:114,1
DA:115,1
DA:120,2
DA:125,2
LF:45
LH:45
BRDA:5,0,0,1
BRDA:5,1,0,2
BRDA:5,2,0,2
BRDA:7,3,0,1
BRDA:7,3,1,1
BRDA:8,4,0,1
BRDA:8,4,1,1
BRDA:9,5,0,1
BRDA:9,5,1,1
BRDA:10,6,0,1
BRDA:10,6,1,1
BRDA:16,7,0,0
BRDA:17,8,0,1
BRDA:18,9,0,1
BRDA:27,10,0,0
BRDA:27,10,1,2
BRDA:28,11,0,0
BRDA:28,11,1,2
BRDA:29,12,0,0
BRDA:29,12,1,2
BRDA:30,13,0,0
BRDA:30,13,1,2
BRDA:31,14,0,1
BRDA:31,14,1,1
BRDA:32,15,0,1
BRDA:32,15,1,1
BRDA:39,16,0,2
BRDA:39,16,1,0
BRDA:122,17,0,2
BRDA:122,17,1,1
BRDA:123,18,0,2
BRDA:123,18,1,2
BRF:32
BRH:26
end_of_record
TN:
SF:src\services\authService.js
FN:13,(anonymous_0)
FN:53,(anonymous_1)
FN:99,(anonymous_2)
FN:116,(anonymous_3)
FN:125,(anonymous_4)
FN:133,(anonymous_5)
FNF:6
FNH:4
FNDA:3,(anonymous_0)
FNDA:5,(anonymous_1)
FNDA:2,(anonymous_2)
FNDA:0,(anonymous_3)
FNDA:0,(anonymous_4)
FNDA:3,(anonymous_5)
DA:11,5
DA:14,3
DA:15,1
DA:19,2
DA:20,2
DA:21,1
DA:25,1
DA:36,1
DA:37,1
DA:39,1
DA:54,5
DA:56,5
DA:57,1
DA:60,4
DA:62,4
DA:63,1
DA:66,3
DA:67,3
DA:70,3
DA:72,3
DA:73,1
DA:77,2
DA:85,2
DA:100,2
DA:101,2
DA:102,2
DA:104,1
DA:111,2
DA:117,0
DA:118,0
DA:119,0
DA:120,0
DA:121,0
DA:126,0
DA:127,0
DA:128,0
DA:129,0
DA:134,3
DA:135,3
DA:137,2
DA:138,2
DA:139,1
DA:142,1
DA:143,1
LF:44
LH:35
BRDA:14,0,0,1
BRDA:14,0,1,2
BRDA:20,1,0,1
BRDA:20,1,1,1
BRDA:46,2,0,1
BRDA:46,2,1,0
BRDA:56,3,0,1
BRDA:56,3,1,4
BRDA:62,4,0,1
BRDA:62,4,1,3
BRDA:72,5,0,1
BRDA:72,5,1,2
BRDA:81,6,0,2
BRDA:81,6,1,0
BRDA:92,7,0,2
BRDA:92,7,1,0
BRDA:102,8,0,1
BRDA:102,8,1,1
BRDA:118,9,0,0
BRDA:118,9,1,0
BRDA:127,10,0,0
BRDA:127,10,1,0
BRDA:135,11,0,1
BRDA:135,11,1,2
BRDA:138,12,0,1
BRDA:138,12,1,1
BRF:26
BRH:19
end_of_record
TN:
SF:src\utils\constants.js
FNF:0
FNH:0
DA:2,8
DA:3,8
DA:6,8
DA:7,8
DA:10,8
DA:11,8
DA:12,8
DA:15,8
DA:16,8
DA:17,8
DA:20,8
DA:26,8
DA:32,8
DA:39,8
DA:46,8
DA:53,8
DA:60,8
DA:61,8
DA:64,8
DA:70,8
DA:83,8
DA:92,8
DA:105,8
DA:108,8
DA:115,8
DA:125,8
LF:26
LH:26
BRDA:6,0,0,8
BRDA:6,0,1,8
BRDA:7,1,0,8
BRDA:7,1,1,0
BRF:4
BRH:3
end_of_record
TN:
SF:src\utils\helpers.js
FN:2,(anonymous_0)
FN:11,(anonymous_1)
FN:22,(anonymous_2)
FN:31,(anonymous_3)
FN:53,(anonymous_4)
FN:58,(anonymous_5)
FN:66,(anonymous_6)
FN:72,(anonymous_7)
FN:77,(anonymous_8)
FN:82,(anonymous_9)
FN:92,(anonymous_10)
FN:97,(anonymous_11)
FN:102,(anonymous_12)
FN:108,(anonymous_13)
FN:119,(anonymous_14)
FN:120,(anonymous_15)
FN:130,(anonymous_16)
FN:131,(anonymous_17)
FN:140,(anonymous_18)
FN:144,(anonymous_19)
FN:145,(anonymous_20)
FN:148,(anonymous_21)
FN:150,(anonymous_22)
FN:161,(anonymous_23)
FN:163,(anonymous_24)
FN:171,(anonymous_25)
FN:173,(anonymous_26)
FN:179,(anonymous_27)
FN:183,(anonymous_28)
FN:188,(anonymous_29)
FN:196,(anonymous_30)
FN:206,(anonymous_31)
FN:215,(anonymous_32)
FN:217,(anonymous_33)
FN:219,(anonymous_34)
FN:223,(anonymous_35)
FN:225,(anonymous_36)
FN:229,(anonymous_37)
FNF:38
FNH:38
FNDA:4,(anonymous_0)
FNDA:5,(anonymous_1)
FNDA:3,(anonymous_2)
FNDA:35,(anonymous_3)
FNDA:4,(anonymous_4)
FNDA:3,(anonymous_5)
FNDA:3,(anonymous_6)
FNDA:69,(anonymous_7)
FNDA:4,(anonymous_8)
FNDA:4,(anonymous_9)
FNDA:4,(anonymous_10)
FNDA:4,(anonymous_11)
FNDA:5,(anonymous_12)
FNDA:5,(anonymous_13)
FNDA:2,(anonymous_14)
FNDA:3,(anonymous_15)
FNDA:3,(anonymous_16)
FNDA:12,(anonymous_17)
FNDA:2,(anonymous_18)
FNDA:2,(anonymous_19)
FNDA:4,(anonymous_20)
FNDA:1,(anonymous_21)
FNDA:3,(anonymous_22)
FNDA:2,(anonymous_23)
FNDA:4,(anonymous_24)
FNDA:2,(anonymous_25)
FNDA:2,(anonymous_26)
FNDA:2,(anonymous_27)
FNDA:2,(anonymous_28)
FNDA:3,(anonymous_29)
FNDA:2,(anonymous_30)
FNDA:1,(anonymous_31)
FNDA:1,(anonymous_32)
FNDA:3,(anonymous_33)
FNDA:1,(anonymous_34)
FNDA:3,(anonymous_35)
FNDA:6,(anonymous_36)
FNDA:1,(anonymous_37)
DA:2,4
DA:3,4
DA:4,1
DA:11,4
DA:12,5
DA:13,3
DA:22,4
DA:23,3
DA:24,1
DA:31,4
DA:32,35
DA:33,33
DA:35,33
DA:36,33
DA:38,33
DA:39,33
DA:41,33
DA:42,33
DA:44,33
DA:45,33
DA:47,32
DA:48,32
DA:50,1
DA:53,4
DA:54,4
DA:55,2
DA:58,4
DA:59,3
DA:60,2
DA:66,4
DA:67,3
DA:68,2
DA:72,4
DA:73,69
DA:74,69
DA:77,4
DA:78,4
DA:79,4
DA:82,4
DA:83,4
DA:84,4
DA:85,2
DA:87,2
DA:92,4
DA:93,4
DA:94,2
DA:97,4
DA:98,4
DA:99,3
DA:102,4
DA:103,5
DA:104,2
DA:105,2
DA:108,4
DA:109,5
DA:110,3
DA:119,4
DA:120,2
DA:121,3
DA:122,3
DA:123,2
DA:125,3
DA:126,3
DA:130,4
DA:131,3
DA:132,12
DA:133,8
DA:135,4
DA:140,4
DA:141,2
DA:144,4
DA:145,4
DA:148,4
DA:149,1
DA:150,1
DA:151,3
DA:152,3
DA:153,1
DA:155,2
DA:156,2
DA:161,4
DA:162,2
DA:163,2
DA:164,4
DA:165,3
DA:168,2
DA:171,4
DA:172,2
DA:173,2
DA:174,2
DA:176,2
DA:179,4
DA:180,2
DA:183,4
DA:184,2
DA:188,4
DA:189,3
DA:190,3
DA:192,0
DA:196,4
DA:197,2
DA:198,2
DA:199,2
DA:201,0
DA:202,0
DA:206,4
DA:207,1
DA:208,1
DA:210,0
DA:215,4
DA:217,1
DA:218,3
DA:219,3
DA:223,4
DA:225,3
DA:226,6
DA:227,4
DA:228,4
DA:229,4
LF:119
LH:115
BRDA:3,0,0,3
BRDA:3,0,1,1
BRDA:12,1,0,2
BRDA:12,1,1,3
BRDA:23,2,0,2
BRDA:23,2,1,1
BRDA:32,3,0,2
BRDA:32,3,1,33
BRDA:36,4,0,0
BRDA:36,4,1,33
BRDA:39,5,0,0
BRDA:39,5,1,33
BRDA:42,6,0,0
BRDA:42,6,1,33
BRDA:45,7,0,1
BRDA:45,7,1,32
BRDA:48,8,0,31
BRDA:48,8,1,1
BRDA:54,9,0,2
BRDA:54,9,1,2
BRDA:58,10,0,3
BRDA:59,11,0,1
BRDA:59,11,1,2
BRDA:66,12,0,2
BRDA:67,13,0,1
BRDA:67,13,1,2
BRDA:93,14,0,2
BRDA:93,14,1,2
BRDA:97,15,0,1
BRDA:98,16,0,1
BRDA:98,16,1,3
BRDA:99,17,0,2
BRDA:99,17,1,1
BRDA:103,18,0,3
BRDA:103,18,1,2
BRDA:103,19,0,5
BRDA:103,19,1,3
BRDA:109,20,0,2
BRDA:109,20,1,3
BRDA:122,21,0,2
BRDA:122,21,1,1
BRDA:130,22,0,1
BRDA:132,23,0,8
BRDA:132,23,1,4
BRDA:133,24,0,4
BRDA:133,24,1,4
BRDA:135,25,0,2
BRDA:135,25,1,2
BRDA:152,26,0,1
BRDA:152,26,1,2
BRDA:164,27,0,3
BRDA:164,27,1,1
BRDA:199,28,0,1
BRDA:199,28,1,1
BRDA:226,29,0,4
BRDA:226,29,1,2
BRF:56
BRH:53
end_of_record
TN:
SF:src\utils\tokenUtils.js
FN:9,(anonymous_0)
FN:21,(anonymous_1)
FN:34,(anonymous_2)
FN:45,(anonymous_3)
FN:51,(anonymous_4)
FN:60,(anonymous_5)
FN:66,(anonymous_6)
FN:72,(anonymous_7)
FN:73,(anonymous_8)
FN:74,(anonymous_9)
FNF:10
FNH:10
FNDA:19,(anonymous_0)
FNDA:11,(anonymous_1)
FNDA:19,(anonymous_2)
FNDA:4,(anonymous_3)
FNDA:4,(anonymous_4)
FNDA:5,(anonymous_5)
FNDA:15,(anonymous_6)
FNDA:13,(anonymous_7)
FNDA:1,(anonymous_8)
FNDA:15,(anonymous_9)
DA:4,8
DA:5,8
DA:9,8
DA:10,19
DA:18,19
DA:21,8
DA:22,11
DA:29,11
DA:34,8
DA:35,19
DA:36,15
DA:37,15
DA:39,4
DA:45,8
DA:46,4
DA:47,4
DA:48,2
DA:51,8
DA:52,4
DA:53,4
DA:54,2
DA:55,1
DA:60,8
DA:61,5
DA:62,5
DA:63,5
DA:66,8
DA:67,15
DA:68,15
DA:69,15
DA:72,13
DA:73,8
DA:74,8
DA:75,15
DA:76,15
DA:78,1
LF:36
LH:36
BRDA:35,0,0,4
BRDA:35,0,1,15
BRDA:47,1,0,2
BRDA:47,1,1,2
BRDA:53,2,0,2
BRDA:53,2,1,2
BRDA:54,3,0,1
BRDA:54,3,1,1
BRF:8
BRH:8
end_of_record
